Files already downloaded and verified
Files already downloaded and verified
Start Training 100 EPOCHs
Epoch 0: [39/195]	Time 8.9965	Loss 1.5325 (1.7698)	Prec@1 42.188 (33.393)
Epoch 0: [78/195]	Time 6.8249	Loss 1.3197 (1.6197)	Prec@1 55.078 (39.809)
Epoch 0: [117/195]	Time 6.9382	Loss 1.2348 (1.5192)	Prec@1 55.859 (43.847)
Epoch 0: [156/195]	Time 6.9767	Loss 1.0970 (1.4399)	Prec@1 63.281 (46.950)
Epoch 0: [195/195]	Time 7.0745	Loss 1.0156 (1.3754)	Prec@1 62.500 (49.553)
 * Prec@1 59.505
Epoch 1: [39/195]	Time 7.1373	Loss 0.9901 (1.0087)	Prec@1 64.453 (63.662)
Epoch 1: [78/195]	Time 7.0763	Loss 0.8972 (0.9815)	Prec@1 68.750 (64.844)
Epoch 1: [117/195]	Time 7.1248	Loss 0.8365 (0.9556)	Prec@1 68.750 (65.895)
Epoch 1: [156/195]	Time 7.1120	Loss 0.9151 (0.9334)	Prec@1 64.453 (66.757)
Epoch 1: [195/195]	Time 7.1106	Loss 0.6794 (0.9155)	Prec@1 79.688 (67.498)
 * Prec@1 67.228
Epoch 2: [39/195]	Time 7.2315	Loss 0.6056 (0.7865)	Prec@1 81.250 (72.095)
Epoch 2: [78/195]	Time 7.1145	Loss 0.7023 (0.7643)	Prec@1 75.000 (72.902)
Epoch 2: [117/195]	Time 7.1046	Loss 0.7562 (0.7581)	Prec@1 72.266 (73.334)
Epoch 2: [156/195]	Time 7.1724	Loss 0.6600 (0.7422)	Prec@1 76.562 (73.991)
Epoch 2: [195/195]	Time 7.1449	Loss 0.6219 (0.7313)	Prec@1 80.469 (74.409)
 * Prec@1 74.349
Epoch 3: [39/195]	Time 7.1852	Loss 0.6596 (0.6554)	Prec@1 79.297 (77.033)
Epoch 3: [78/195]	Time 7.1542	Loss 0.6605 (0.6474)	Prec@1 75.000 (77.369)
Epoch 3: [117/195]	Time 7.1089	Loss 0.6494 (0.6436)	Prec@1 75.781 (77.507)
Epoch 3: [156/195]	Time 7.1216	Loss 0.5914 (0.6400)	Prec@1 76.562 (77.449)
Epoch 3: [195/195]	Time 7.1523	Loss 0.6188 (0.6315)	Prec@1 77.734 (77.812)
 * Prec@1 74.219
Epoch 4: [39/195]	Time 7.2993	Loss 0.6201 (0.5625)	Prec@1 78.125 (80.088)
Epoch 4: [78/195]	Time 7.1622	Loss 0.5263 (0.5723)	Prec@1 80.469 (80.198)
Epoch 4: [117/195]	Time 7.1665	Loss 0.4873 (0.5731)	Prec@1 83.203 (80.212)
Epoch 4: [156/195]	Time 7.1528	Loss 0.6915 (0.5716)	Prec@1 76.953 (80.161)
Epoch 4: [195/195]	Time 7.1630	Loss 0.5411 (0.5620)	Prec@1 79.297 (80.557)
 * Prec@1 78.115
Epoch 5: [39/195]	Time 7.2144	Loss 0.4016 (0.4935)	Prec@1 84.766 (83.173)
Epoch 5: [78/195]	Time 7.1349	Loss 0.3947 (0.5145)	Prec@1 87.891 (82.342)
Epoch 5: [117/195]	Time 7.1245	Loss 0.4932 (0.5120)	Prec@1 83.984 (82.328)
Epoch 5: [156/195]	Time 7.1169	Loss 0.5293 (0.5104)	Prec@1 82.031 (82.432)
Epoch 5: [195/195]	Time 7.1399	Loss 0.3926 (0.5098)	Prec@1 85.156 (82.354)
 * Prec@1 79.447
Epoch 6: [39/195]	Time 7.2115	Loss 0.5317 (0.4770)	Prec@1 80.469 (83.594)
Epoch 6: [78/195]	Time 7.1444	Loss 0.4627 (0.4796)	Prec@1 84.375 (83.459)
Epoch 6: [117/195]	Time 7.1579	Loss 0.4251 (0.4766)	Prec@1 83.984 (83.640)
Epoch 6: [156/195]	Time 7.1778	Loss 0.5572 (0.4727)	Prec@1 79.297 (83.706)
Epoch 6: [195/195]	Time 7.1222	Loss 0.3991 (0.4693)	Prec@1 83.984 (83.840)
 * Prec@1 80.449
Epoch 7: [39/195]	Time 7.2422	Loss 0.3807 (0.4254)	Prec@1 89.062 (85.306)
Epoch 7: [78/195]	Time 7.1628	Loss 0.5184 (0.4285)	Prec@1 84.766 (85.081)
Epoch 7: [117/195]	Time 7.1587	Loss 0.5060 (0.4303)	Prec@1 85.938 (85.126)
Epoch 7: [156/195]	Time 7.1221	Loss 0.4736 (0.4324)	Prec@1 83.984 (85.081)
Epoch 7: [195/195]	Time 7.1151	Loss 0.4363 (0.4321)	Prec@1 86.328 (85.030)
 * Prec@1 82.121
Epoch 8: [39/195]	Time 7.2429	Loss 0.4496 (0.4005)	Prec@1 87.500 (86.528)
Epoch 8: [78/195]	Time 7.1520	Loss 0.4051 (0.3981)	Prec@1 86.328 (86.558)
Epoch 8: [117/195]	Time 7.1317	Loss 0.4612 (0.4005)	Prec@1 85.156 (86.405)
Epoch 8: [156/195]	Time 7.1374	Loss 0.3832 (0.4009)	Prec@1 89.062 (86.271)
Epoch 8: [195/195]	Time 7.1231	Loss 0.4482 (0.4015)	Prec@1 82.812 (86.238)
 * Prec@1 82.061
Epoch 9: [39/195]	Time 7.2573	Loss 0.3844 (0.3633)	Prec@1 85.547 (87.500)
Epoch 9: [78/195]	Time 7.1650	Loss 0.3390 (0.3607)	Prec@1 87.500 (87.400)
Epoch 9: [117/195]	Time 7.1602	Loss 0.3135 (0.3653)	Prec@1 90.234 (87.300)
Epoch 9: [156/195]	Time 7.1177	Loss 0.3226 (0.3700)	Prec@1 88.281 (87.172)
Epoch 9: [195/195]	Time 7.1226	Loss 0.3757 (0.3737)	Prec@1 87.109 (87.181)
 * Prec@1 83.073
Epoch 10: [39/195]	Time 7.2493	Loss 0.3396 (0.3390)	Prec@1 87.891 (88.622)
Epoch 10: [78/195]	Time 7.1541	Loss 0.3550 (0.3437)	Prec@1 86.719 (88.131)
Epoch 10: [117/195]	Time 7.1098	Loss 0.3564 (0.3452)	Prec@1 86.719 (88.088)
Epoch 10: [156/195]	Time 7.1584	Loss 0.2977 (0.3473)	Prec@1 89.844 (88.011)
Epoch 10: [195/195]	Time 7.1775	Loss 0.3190 (0.3485)	Prec@1 86.719 (87.967)
 * Prec@1 83.343
Epoch 11: [39/195]	Time 7.2166	Loss 0.3020 (0.3291)	Prec@1 88.672 (88.151)
Epoch 11: [78/195]	Time 7.1281	Loss 0.3161 (0.3375)	Prec@1 89.062 (88.296)
Epoch 11: [117/195]	Time 7.1826	Loss 0.3038 (0.3379)	Prec@1 90.234 (88.358)
Epoch 11: [156/195]	Time 7.1795	Loss 0.3661 (0.3333)	Prec@1 86.719 (88.547)
Epoch 11: [195/195]	Time 7.1570	Loss 0.3150 (0.3337)	Prec@1 91.406 (88.516)
 * Prec@1 84.876
Epoch 12: [39/195]	Time 7.2219	Loss 0.2930 (0.3064)	Prec@1 89.062 (89.093)
Epoch 12: [78/195]	Time 7.1233	Loss 0.3396 (0.3069)	Prec@1 87.500 (89.103)
Epoch 12: [117/195]	Time 7.1601	Loss 0.2597 (0.3069)	Prec@1 91.016 (89.216)
Epoch 12: [156/195]	Time 7.1637	Loss 0.3147 (0.3114)	Prec@1 90.234 (89.105)
Epoch 12: [195/195]	Time 7.1563	Loss 0.2798 (0.3112)	Prec@1 89.453 (89.173)
 * Prec@1 84.726
Epoch 13: [39/195]	Time 7.2469	Loss 0.2981 (0.2902)	Prec@1 90.234 (89.704)
Epoch 13: [78/195]	Time 7.1799	Loss 0.3241 (0.2904)	Prec@1 86.719 (89.764)
Epoch 13: [117/195]	Time 7.2150	Loss 0.2931 (0.2908)	Prec@1 91.797 (89.810)
Epoch 13: [156/195]	Time 7.1435	Loss 0.3848 (0.2944)	Prec@1 84.766 (89.759)
Epoch 13: [195/195]	Time 7.1553	Loss 0.2648 (0.2933)	Prec@1 92.188 (89.824)
 * Prec@1 85.467
Epoch 14: [39/195]	Time 7.2533	Loss 0.1975 (0.2688)	Prec@1 93.750 (90.795)
Epoch 14: [78/195]	Time 7.1620	Loss 0.2367 (0.2736)	Prec@1 91.406 (90.540)
Epoch 14: [117/195]	Time 7.1445	Loss 0.2872 (0.2775)	Prec@1 89.062 (90.461)
Epoch 14: [156/195]	Time 7.1602	Loss 0.3540 (0.2785)	Prec@1 86.328 (90.337)
Epoch 14: [195/195]	Time 7.2181	Loss 0.2489 (0.2779)	Prec@1 91.797 (90.337)
 * Prec@1 86.458
Epoch 15: [39/195]	Time 7.2301	Loss 0.2435 (0.2596)	Prec@1 93.750 (90.996)
Epoch 15: [78/195]	Time 7.1686	Loss 0.3365 (0.2632)	Prec@1 89.844 (90.951)
Epoch 15: [117/195]	Time 7.1768	Loss 0.2419 (0.2649)	Prec@1 90.625 (90.762)
Epoch 15: [156/195]	Time 7.1738	Loss 0.2793 (0.2648)	Prec@1 89.453 (90.753)
Epoch 15: [195/195]	Time 7.2124	Loss 0.2593 (0.2647)	Prec@1 90.625 (90.749)
 * Prec@1 84.475
Epoch 16: [39/195]	Time 7.2801	Loss 0.2362 (0.2368)	Prec@1 91.406 (91.567)
Epoch 16: [78/195]	Time 7.1556	Loss 0.3182 (0.2406)	Prec@1 87.891 (91.451)
Epoch 16: [117/195]	Time 7.2126	Loss 0.2406 (0.2441)	Prec@1 91.016 (91.430)
Epoch 16: [156/195]	Time 7.1708	Loss 0.2629 (0.2462)	Prec@1 89.453 (91.346)
Epoch 16: [195/195]	Time 7.1852	Loss 0.3210 (0.2488)	Prec@1 87.891 (91.276)
 * Prec@1 85.166
Epoch 17: [39/195]	Time 7.2731	Loss 0.2321 (0.2338)	Prec@1 92.578 (91.577)
Epoch 17: [78/195]	Time 7.1551	Loss 0.2056 (0.2335)	Prec@1 93.359 (91.642)
Epoch 17: [117/195]	Time 7.1623	Loss 0.2179 (0.2337)	Prec@1 91.797 (91.713)
Epoch 17: [156/195]	Time 7.1678	Loss 0.1472 (0.2343)	Prec@1 96.484 (91.757)
Epoch 17: [195/195]	Time 7.1904	Loss 0.1879 (0.2359)	Prec@1 93.750 (91.693)
 * Prec@1 86.829
Epoch 18: [39/195]	Time 7.2578	Loss 0.1847 (0.2175)	Prec@1 93.359 (92.528)
Epoch 18: [78/195]	Time 7.1561	Loss 0.2067 (0.2152)	Prec@1 93.359 (92.418)
Epoch 18: [117/195]	Time 7.1573	Loss 0.2181 (0.2207)	Prec@1 91.797 (92.271)
Epoch 18: [156/195]	Time 7.1592	Loss 0.2056 (0.2233)	Prec@1 93.359 (92.248)
Epoch 18: [195/195]	Time 7.1726	Loss 0.2608 (0.2258)	Prec@1 90.625 (92.139)
 * Prec@1 86.358
Epoch 19: [39/195]	Time 7.3039	Loss 0.1821 (0.2117)	Prec@1 92.188 (92.538)
Epoch 19: [78/195]	Time 7.1657	Loss 0.2530 (0.2163)	Prec@1 90.625 (92.403)
Epoch 19: [117/195]	Time 7.1657	Loss 0.2622 (0.2179)	Prec@1 88.281 (92.371)
Epoch 19: [156/195]	Time 7.1686	Loss 0.2116 (0.2136)	Prec@1 94.531 (92.468)
Epoch 19: [195/195]	Time 7.1658	Loss 0.2202 (0.2150)	Prec@1 92.578 (92.436)
 * Prec@1 87.430
Epoch 20: [39/195]	Time 7.2399	Loss 0.1618 (0.1841)	Prec@1 95.312 (93.790)
Epoch 20: [78/195]	Time 7.1963	Loss 0.1680 (0.1918)	Prec@1 95.312 (93.429)
Epoch 20: [117/195]	Time 7.1775	Loss 0.2513 (0.1926)	Prec@1 92.188 (93.379)
Epoch 20: [156/195]	Time 7.1453	Loss 0.2342 (0.1977)	Prec@1 92.578 (93.189)
Epoch 20: [195/195]	Time 7.1812	Loss 0.1646 (0.2012)	Prec@1 93.750 (93.019)
 * Prec@1 87.340
Epoch 21: [39/195]	Time 7.3073	Loss 0.1491 (0.1785)	Prec@1 93.750 (93.760)
Epoch 21: [78/195]	Time 7.1641	Loss 0.1905 (0.1798)	Prec@1 92.578 (93.795)
Epoch 21: [117/195]	Time 7.1853	Loss 0.2092 (0.1844)	Prec@1 92.969 (93.596)
Epoch 21: [156/195]	Time 7.1824	Loss 0.1950 (0.1872)	Prec@1 94.531 (93.482)
Epoch 21: [195/195]	Time 7.1723	Loss 0.2072 (0.1900)	Prec@1 90.625 (93.313)
 * Prec@1 87.800
Epoch 22: [39/195]	Time 7.2570	Loss 0.1387 (0.1663)	Prec@1 94.531 (93.960)
Epoch 22: [78/195]	Time 7.1734	Loss 0.1865 (0.1770)	Prec@1 93.750 (93.790)
Epoch 22: [117/195]	Time 7.1860	Loss 0.2545 (0.1792)	Prec@1 90.234 (93.697)
Epoch 22: [156/195]	Time 7.1780	Loss 0.2675 (0.1831)	Prec@1 92.969 (93.590)
Epoch 22: [195/195]	Time 7.1704	Loss 0.2476 (0.1854)	Prec@1 89.844 (93.524)
 * Prec@1 88.502
Epoch 23: [39/195]	Time 7.2381	Loss 0.1685 (0.1659)	Prec@1 94.141 (94.040)
Epoch 23: [78/195]	Time 7.1939	Loss 0.1750 (0.1689)	Prec@1 92.969 (94.035)
Epoch 23: [117/195]	Time 7.1866	Loss 0.2109 (0.1697)	Prec@1 92.969 (94.111)
Epoch 23: [156/195]	Time 7.1908	Loss 0.1805 (0.1720)	Prec@1 93.750 (94.008)
Epoch 23: [195/195]	Time 7.1819	Loss 0.1490 (0.1725)	Prec@1 93.359 (93.908)
 * Prec@1 88.051
Epoch 24: [39/195]	Time 7.2059	Loss 0.1853 (0.1595)	Prec@1 94.922 (94.461)
Epoch 24: [78/195]	Time 7.2043	Loss 0.1969 (0.1603)	Prec@1 92.188 (94.426)
Epoch 24: [117/195]	Time 7.1558	Loss 0.2021 (0.1605)	Prec@1 90.625 (94.354)
Epoch 24: [156/195]	Time 7.1681	Loss 0.1520 (0.1632)	Prec@1 93.359 (94.273)
Epoch 24: [195/195]	Time 7.1697	Loss 0.1615 (0.1630)	Prec@1 94.922 (94.287)
 * Prec@1 87.320
Epoch 25: [39/195]	Time 7.2815	Loss 0.1659 (0.1410)	Prec@1 93.359 (95.102)
Epoch 25: [78/195]	Time 7.1681	Loss 0.1220 (0.1467)	Prec@1 95.703 (94.957)
Epoch 25: [117/195]	Time 7.1739	Loss 0.1562 (0.1476)	Prec@1 93.359 (94.935)
Epoch 25: [156/195]	Time 7.1632	Loss 0.1676 (0.1498)	Prec@1 94.531 (94.804)
Epoch 25: [195/195]	Time 7.1657	Loss 0.2921 (0.1539)	Prec@1 91.406 (94.651)
 * Prec@1 86.929
Epoch 26: [39/195]	Time 7.2605	Loss 0.1859 (0.1383)	Prec@1 92.969 (95.192)
Epoch 26: [78/195]	Time 7.2123	Loss 0.1640 (0.1437)	Prec@1 94.922 (95.082)
Epoch 26: [117/195]	Time 7.1656	Loss 0.1504 (0.1451)	Prec@1 94.922 (95.005)
Epoch 26: [156/195]	Time 7.1896	Loss 0.1346 (0.1454)	Prec@1 95.703 (94.937)
Epoch 26: [195/195]	Time 7.1721	Loss 0.1983 (0.1471)	Prec@1 93.359 (94.866)
 * Prec@1 89.062
Epoch 27: [39/195]	Time 7.2509	Loss 0.1076 (0.1284)	Prec@1 95.703 (95.413)
Epoch 27: [78/195]	Time 7.1535	Loss 0.1699 (0.1302)	Prec@1 92.578 (95.433)
Epoch 27: [117/195]	Time 7.1450	Loss 0.1094 (0.1370)	Prec@1 96.094 (95.239)
Epoch 27: [156/195]	Time 7.1913	Loss 0.1559 (0.1380)	Prec@1 95.312 (95.122)
Epoch 27: [195/195]	Time 7.1628	Loss 0.1859 (0.1402)	Prec@1 94.141 (94.994)
 * Prec@1 88.902
Epoch 28: [39/195]	Time 7.2821	Loss 0.1293 (0.1258)	Prec@1 96.484 (95.623)
Epoch 28: [78/195]	Time 7.1665	Loss 0.1725 (0.1255)	Prec@1 95.312 (95.543)
Epoch 28: [117/195]	Time 7.1651	Loss 0.1183 (0.1257)	Prec@1 96.094 (95.516)
Epoch 28: [156/195]	Time 7.1787	Loss 0.1556 (0.1259)	Prec@1 94.141 (95.548)
Epoch 28: [195/195]	Time 7.1650	Loss 0.1556 (0.1286)	Prec@1 93.750 (95.425)
 * Prec@1 89.012
Epoch 29: [39/195]	Time 7.3036	Loss 0.0910 (0.1253)	Prec@1 96.875 (95.733)
Epoch 29: [78/195]	Time 7.1582	Loss 0.1502 (0.1213)	Prec@1 93.359 (95.803)
Epoch 29: [117/195]	Time 7.1681	Loss 0.1543 (0.1233)	Prec@1 94.531 (95.770)
Epoch 29: [156/195]	Time 7.1438	Loss 0.1777 (0.1272)	Prec@1 93.359 (95.535)
Epoch 29: [195/195]	Time 7.1476	Loss 0.1868 (0.1290)	Prec@1 93.750 (95.465)
 * Prec@1 90.134
Epoch 30: [39/195]	Time 7.2189	Loss 0.0954 (0.1086)	Prec@1 96.875 (96.364)
Epoch 30: [78/195]	Time 7.1557	Loss 0.1722 (0.1105)	Prec@1 95.703 (96.179)
Epoch 30: [117/195]	Time 7.1538	Loss 0.1147 (0.1084)	Prec@1 96.484 (96.241)
Epoch 30: [156/195]	Time 7.1507	Loss 0.1208 (0.1135)	Prec@1 96.484 (96.001)
Epoch 30: [195/195]	Time 7.1690	Loss 0.1720 (0.1170)	Prec@1 95.703 (95.853)
 * Prec@1 89.413
Epoch 31: [39/195]	Time 7.2330	Loss 0.1073 (0.1121)	Prec@1 96.094 (96.134)
Epoch 31: [78/195]	Time 7.1811	Loss 0.1004 (0.1089)	Prec@1 96.484 (96.134)
Epoch 31: [117/195]	Time 7.1617	Loss 0.0899 (0.1080)	Prec@1 96.875 (96.087)
Epoch 31: [156/195]	Time 7.1513	Loss 0.1402 (0.1111)	Prec@1 95.312 (95.996)
Epoch 31: [195/195]	Time 7.1554	Loss 0.0862 (0.1113)	Prec@1 97.266 (95.980)
 * Prec@1 89.854
Epoch 32: [39/195]	Time 7.2582	Loss 0.1039 (0.0991)	Prec@1 95.312 (96.484)
Epoch 32: [78/195]	Time 7.1546	Loss 0.0589 (0.0997)	Prec@1 97.656 (96.559)
Epoch 32: [117/195]	Time 7.1545	Loss 0.0896 (0.0992)	Prec@1 97.656 (96.541)
Epoch 32: [156/195]	Time 7.1488	Loss 0.1331 (0.1027)	Prec@1 96.094 (96.457)
Epoch 32: [195/195]	Time 7.1570	Loss 0.0981 (0.1048)	Prec@1 95.703 (96.358)
 * Prec@1 89.884
Epoch 33: [39/195]	Time 7.2981	Loss 0.0841 (0.0908)	Prec@1 96.484 (96.815)
Epoch 33: [78/195]	Time 7.1660	Loss 0.0469 (0.0886)	Prec@1 98.047 (96.920)
Epoch 33: [117/195]	Time 7.1736	Loss 0.1175 (0.0905)	Prec@1 96.094 (96.868)
Epoch 33: [156/195]	Time 7.1761	Loss 0.1136 (0.0934)	Prec@1 95.703 (96.740)
Epoch 33: [195/195]	Time 7.1711	Loss 0.1315 (0.0961)	Prec@1 96.094 (96.629)
 * Prec@1 89.844
Epoch 34: [39/195]	Time 7.2252	Loss 0.0806 (0.0864)	Prec@1 97.266 (97.045)
Epoch 34: [78/195]	Time 7.1603	Loss 0.0964 (0.0868)	Prec@1 96.875 (97.010)
Epoch 34: [117/195]	Time 7.1803	Loss 0.0989 (0.0911)	Prec@1 96.094 (96.785)
Epoch 34: [156/195]	Time 7.1509	Loss 0.1106 (0.0935)	Prec@1 96.094 (96.692)
Epoch 34: [195/195]	Time 7.1616	Loss 0.0456 (0.0932)	Prec@1 98.438 (96.709)
 * Prec@1 90.134
Epoch 35: [39/195]	Time 7.2327	Loss 0.0735 (0.0720)	Prec@1 97.266 (97.436)
Epoch 35: [78/195]	Time 7.1743	Loss 0.0927 (0.0784)	Prec@1 97.266 (97.211)
Epoch 35: [117/195]	Time 7.1681	Loss 0.0874 (0.0834)	Prec@1 97.266 (97.015)
Epoch 35: [156/195]	Time 7.1496	Loss 0.1404 (0.0855)	Prec@1 94.531 (96.945)
Epoch 35: [195/195]	Time 7.1526	Loss 0.0558 (0.0869)	Prec@1 98.828 (96.921)
 * Prec@1 89.553
Epoch 36: [39/195]	Time 7.2630	Loss 0.0801 (0.0761)	Prec@1 96.484 (97.426)
Epoch 36: [78/195]	Time 7.1838	Loss 0.0822 (0.0773)	Prec@1 96.875 (97.331)
Epoch 36: [117/195]	Time 7.1786	Loss 0.0928 (0.0789)	Prec@1 96.484 (97.279)
Epoch 36: [156/195]	Time 7.1828	Loss 0.0551 (0.0784)	Prec@1 99.219 (97.283)
Epoch 36: [195/195]	Time 7.1853	Loss 0.1513 (0.0815)	Prec@1 95.312 (97.151)
 * Prec@1 90.074
Epoch 37: [39/195]	Time 7.2113	Loss 0.0572 (0.0761)	Prec@1 98.438 (97.306)
Epoch 37: [78/195]	Time 7.2218	Loss 0.0551 (0.0770)	Prec@1 98.047 (97.256)
Epoch 37: [117/195]	Time 7.1795	Loss 0.0818 (0.0760)	Prec@1 96.484 (97.309)
Epoch 37: [156/195]	Time 7.1599	Loss 0.0923 (0.0776)	Prec@1 97.266 (97.253)
Epoch 37: [195/195]	Time 7.2135	Loss 0.1321 (0.0791)	Prec@1 94.531 (97.165)
 * Prec@1 90.315
Epoch 38: [39/195]	Time 7.2485	Loss 0.0280 (0.0721)	Prec@1 99.219 (97.466)
Epoch 38: [78/195]	Time 7.1549	Loss 0.0876 (0.0704)	Prec@1 96.875 (97.526)
Epoch 38: [117/195]	Time 7.1506	Loss 0.0771 (0.0727)	Prec@1 97.266 (97.443)
Epoch 38: [156/195]	Time 7.2005	Loss 0.0800 (0.0736)	Prec@1 96.875 (97.408)
Epoch 38: [195/195]	Time 7.2037	Loss 0.0737 (0.0733)	Prec@1 96.875 (97.412)
 * Prec@1 90.815
Epoch 39: [39/195]	Time 7.2506	Loss 0.0366 (0.0587)	Prec@1 98.828 (97.977)
Epoch 39: [78/195]	Time 7.1849	Loss 0.0668 (0.0633)	Prec@1 96.094 (97.806)
Epoch 39: [117/195]	Time 7.1834	Loss 0.0890 (0.0659)	Prec@1 96.875 (97.663)
Epoch 39: [156/195]	Time 7.1765	Loss 0.0538 (0.0654)	Prec@1 98.438 (97.701)
Epoch 39: [195/195]	Time 7.1860	Loss 0.0485 (0.0659)	Prec@1 98.438 (97.670)
 * Prec@1 89.774
Epoch 40: [39/195]	Time 7.2863	Loss 0.0703 (0.0632)	Prec@1 96.875 (97.736)
Epoch 40: [78/195]	Time 7.1916	Loss 0.0469 (0.0621)	Prec@1 97.266 (97.811)
Epoch 40: [117/195]	Time 7.1896	Loss 0.0767 (0.0631)	Prec@1 97.656 (97.843)
Epoch 40: [156/195]	Time 7.1831	Loss 0.0701 (0.0631)	Prec@1 97.656 (97.839)
Epoch 40: [195/195]	Time 7.2011	Loss 0.0627 (0.0634)	Prec@1 97.656 (97.845)
 * Prec@1 90.855
Epoch 41: [39/195]	Time 7.2607	Loss 0.0371 (0.0556)	Prec@1 99.219 (98.037)
Epoch 41: [78/195]	Time 7.1740	Loss 0.0436 (0.0562)	Prec@1 98.438 (97.997)
Epoch 41: [117/195]	Time 7.1694	Loss 0.0707 (0.0585)	Prec@1 96.875 (97.903)
Epoch 41: [156/195]	Time 7.1641	Loss 0.0564 (0.0586)	Prec@1 97.656 (97.937)
Epoch 41: [195/195]	Time 7.1734	Loss 0.0708 (0.0589)	Prec@1 97.656 (97.947)
 * Prec@1 90.415
Epoch 42: [39/195]	Time 7.2931	Loss 0.0426 (0.0513)	Prec@1 97.266 (98.197)
Epoch 42: [78/195]	Time 7.1727	Loss 0.0370 (0.0511)	Prec@1 99.609 (98.252)
Epoch 42: [117/195]	Time 7.1757	Loss 0.0335 (0.0510)	Prec@1 98.828 (98.267)
Epoch 42: [156/195]	Time 7.1698	Loss 0.0393 (0.0519)	Prec@1 99.219 (98.242)
Epoch 42: [195/195]	Time 7.1780	Loss 0.0704 (0.0541)	Prec@1 97.266 (98.145)
 * Prec@1 90.014
Epoch 43: [39/195]	Time 7.2945	Loss 0.0378 (0.0481)	Prec@1 98.438 (98.367)
Epoch 43: [78/195]	Time 7.1690	Loss 0.1213 (0.0498)	Prec@1 94.922 (98.327)
Epoch 43: [117/195]	Time 7.1743	Loss 0.0359 (0.0500)	Prec@1 99.219 (98.304)
Epoch 43: [156/195]	Time 7.2171	Loss 0.0306 (0.0507)	Prec@1 98.828 (98.257)
Epoch 43: [195/195]	Time 7.1772	Loss 0.0585 (0.0515)	Prec@1 97.656 (98.245)
 * Prec@1 90.915
Epoch 44: [39/195]	Time 7.2591	Loss 0.0243 (0.0453)	Prec@1 99.609 (98.508)
Epoch 44: [78/195]	Time 7.1460	Loss 0.0603 (0.0463)	Prec@1 97.656 (98.422)
Epoch 44: [117/195]	Time 7.1856	Loss 0.0380 (0.0468)	Prec@1 98.828 (98.384)
Epoch 44: [156/195]	Time 7.1828	Loss 0.0721 (0.0468)	Prec@1 97.266 (98.417)
Epoch 44: [195/195]	Time 7.1769	Loss 0.0455 (0.0468)	Prec@1 99.219 (98.411)
 * Prec@1 91.286
Epoch 45: [39/195]	Time 7.2676	Loss 0.0225 (0.0408)	Prec@1 100.000 (98.758)
Epoch 45: [78/195]	Time 7.2060	Loss 0.0181 (0.0421)	Prec@1 100.000 (98.628)
Epoch 45: [117/195]	Time 7.1954	Loss 0.0444 (0.0436)	Prec@1 98.047 (98.568)
Epoch 45: [156/195]	Time 7.1933	Loss 0.0212 (0.0434)	Prec@1 99.609 (98.555)
Epoch 45: [195/195]	Time 7.1835	Loss 0.0442 (0.0444)	Prec@1 98.438 (98.536)
 * Prec@1 90.214
Epoch 46: [39/195]	Time 7.3434	Loss 0.0474 (0.0445)	Prec@1 98.047 (98.427)
Epoch 46: [78/195]	Time 7.1799	Loss 0.0591 (0.0426)	Prec@1 98.438 (98.563)
Epoch 46: [117/195]	Time 7.1898	Loss 0.0287 (0.0413)	Prec@1 98.438 (98.614)
Epoch 46: [156/195]	Time 7.1747	Loss 0.0398 (0.0405)	Prec@1 98.438 (98.653)
Epoch 46: [195/195]	Time 7.1788	Loss 0.0633 (0.0403)	Prec@1 97.656 (98.648)
 * Prec@1 91.567
Epoch 47: [39/195]	Time 7.2625	Loss 0.0088 (0.0297)	Prec@1 100.000 (99.018)
Epoch 47: [78/195]	Time 7.1746	Loss 0.0337 (0.0308)	Prec@1 99.609 (99.043)
Epoch 47: [117/195]	Time 7.1593	Loss 0.0643 (0.0327)	Prec@1 98.047 (98.958)
Epoch 47: [156/195]	Time 7.1688	Loss 0.0383 (0.0341)	Prec@1 98.828 (98.888)
Epoch 47: [195/195]	Time 7.1650	Loss 0.0416 (0.0355)	Prec@1 98.047 (98.816)
 * Prec@1 91.426
Epoch 48: [39/195]	Time 7.3023	Loss 0.0259 (0.0322)	Prec@1 99.219 (98.898)
Epoch 48: [78/195]	Time 7.2054	Loss 0.0525 (0.0333)	Prec@1 98.438 (98.903)
Epoch 48: [117/195]	Time 7.1498	Loss 0.0184 (0.0329)	Prec@1 99.609 (98.905)
Epoch 48: [156/195]	Time 7.1540	Loss 0.0258 (0.0333)	Prec@1 99.219 (98.896)
Epoch 48: [195/195]	Time 7.2050	Loss 0.0583 (0.0346)	Prec@1 97.656 (98.854)
 * Prec@1 91.516
Epoch 49: [39/195]	Time 7.2803	Loss 0.0098 (0.0276)	Prec@1 100.000 (99.129)
Epoch 49: [78/195]	Time 7.1607	Loss 0.0491 (0.0288)	Prec@1 98.047 (99.033)
Epoch 49: [117/195]	Time 7.1652	Loss 0.0485 (0.0300)	Prec@1 98.438 (98.992)
Epoch 49: [156/195]	Time 7.1687	Loss 0.0265 (0.0309)	Prec@1 99.219 (98.981)
Epoch 49: [195/195]	Time 7.1631	Loss 0.0241 (0.0308)	Prec@1 98.438 (98.972)
 * Prec@1 91.526
Epoch 50: [39/195]	Time 7.2870	Loss 0.0343 (0.0276)	Prec@1 99.219 (99.159)
Epoch 50: [78/195]	Time 7.1455	Loss 0.0192 (0.0255)	Prec@1 99.219 (99.269)
Epoch 50: [117/195]	Time 7.1573	Loss 0.0331 (0.0259)	Prec@1 99.219 (99.245)
Epoch 50: [156/195]	Time 7.2155	Loss 0.0232 (0.0258)	Prec@1 99.219 (99.234)
Epoch 50: [195/195]	Time 7.1863	Loss 0.0275 (0.0260)	Prec@1 98.438 (99.215)
 * Prec@1 91.797
Epoch 51: [39/195]	Time 7.2382	Loss 0.0364 (0.0234)	Prec@1 99.219 (99.259)
Epoch 51: [78/195]	Time 7.1643	Loss 0.0191 (0.0230)	Prec@1 99.219 (99.299)
Epoch 51: [117/195]	Time 7.1760	Loss 0.0263 (0.0243)	Prec@1 99.609 (99.249)
Epoch 51: [156/195]	Time 7.1677	Loss 0.0274 (0.0250)	Prec@1 99.219 (99.214)
Epoch 51: [195/195]	Time 7.1642	Loss 0.0289 (0.0252)	Prec@1 98.828 (99.207)
 * Prec@1 91.456
Epoch 52: [39/195]	Time 7.2282	Loss 0.0136 (0.0225)	Prec@1 99.609 (99.269)
Epoch 52: [78/195]	Time 7.1991	Loss 0.0179 (0.0238)	Prec@1 99.219 (99.209)
Epoch 52: [117/195]	Time 7.1763	Loss 0.0152 (0.0239)	Prec@1 99.609 (99.189)
Epoch 52: [156/195]	Time 7.1563	Loss 0.0243 (0.0240)	Prec@1 99.609 (99.196)
Epoch 52: [195/195]	Time 7.1517	Loss 0.0105 (0.0242)	Prec@1 100.000 (99.199)
 * Prec@1 91.717
Epoch 53: [39/195]	Time 7.2983	Loss 0.0160 (0.0194)	Prec@1 99.219 (99.499)
Epoch 53: [78/195]	Time 7.1533	Loss 0.0207 (0.0203)	Prec@1 98.438 (99.369)
Epoch 53: [117/195]	Time 7.2183	Loss 0.0235 (0.0203)	Prec@1 98.828 (99.379)
Epoch 53: [156/195]	Time 7.1734	Loss 0.0213 (0.0211)	Prec@1 99.609 (99.344)
Epoch 53: [195/195]	Time 7.1931	Loss 0.0129 (0.0213)	Prec@1 100.000 (99.347)
 * Prec@1 91.767
Epoch 54: [39/195]	Time 7.3618	Loss 0.0163 (0.0203)	Prec@1 99.219 (99.479)
Epoch 54: [78/195]	Time 7.1642	Loss 0.0197 (0.0187)	Prec@1 99.609 (99.519)
Epoch 54: [117/195]	Time 7.1577	Loss 0.0084 (0.0177)	Prec@1 100.000 (99.536)
Epoch 54: [156/195]	Time 7.1573	Loss 0.0187 (0.0184)	Prec@1 100.000 (99.499)
Epoch 54: [195/195]	Time 7.1663	Loss 0.0318 (0.0191)	Prec@1 98.828 (99.467)
 * Prec@1 92.167
Epoch 55: [39/195]	Time 7.2868	Loss 0.0121 (0.0168)	Prec@1 99.609 (99.499)
Epoch 55: [78/195]	Time 7.1761	Loss 0.0087 (0.0162)	Prec@1 99.609 (99.574)
Epoch 55: [117/195]	Time 7.1831	Loss 0.0121 (0.0160)	Prec@1 100.000 (99.593)
Epoch 55: [156/195]	Time 7.1892	Loss 0.0198 (0.0162)	Prec@1 99.609 (99.574)
Epoch 55: [195/195]	Time 7.1509	Loss 0.0219 (0.0167)	Prec@1 99.609 (99.545)
 * Prec@1 92.147
Epoch 56: [39/195]	Time 7.2826	Loss 0.0351 (0.0159)	Prec@1 98.828 (99.569)
Epoch 56: [78/195]	Time 7.1824	Loss 0.0068 (0.0167)	Prec@1 100.000 (99.544)
Epoch 56: [117/195]	Time 7.1491	Loss 0.0156 (0.0163)	Prec@1 99.609 (99.563)
Epoch 56: [156/195]	Time 7.1783	Loss 0.0030 (0.0158)	Prec@1 100.000 (99.579)
Epoch 56: [195/195]	Time 7.1527	Loss 0.0195 (0.0157)	Prec@1 99.609 (99.579)
 * Prec@1 92.338
Epoch 57: [39/195]	Time 7.2736	Loss 0.0142 (0.0130)	Prec@1 99.609 (99.700)
Epoch 57: [78/195]	Time 7.1559	Loss 0.0051 (0.0123)	Prec@1 100.000 (99.710)
Epoch 57: [117/195]	Time 7.1792	Loss 0.0170 (0.0126)	Prec@1 99.609 (99.693)
Epoch 57: [156/195]	Time 7.1932	Loss 0.0122 (0.0125)	Prec@1 99.609 (99.692)
Epoch 57: [195/195]	Time 7.1702	Loss 0.0312 (0.0122)	Prec@1 99.219 (99.704)
 * Prec@1 92.648
Epoch 58: [39/195]	Time 7.2381	Loss 0.0065 (0.0087)	Prec@1 100.000 (99.850)
Epoch 58: [78/195]	Time 7.1710	Loss 0.0155 (0.0096)	Prec@1 99.609 (99.800)
Epoch 58: [117/195]	Time 7.1711	Loss 0.0083 (0.0093)	Prec@1 100.000 (99.810)
Epoch 58: [156/195]	Time 7.1764	Loss 0.0070 (0.0097)	Prec@1 100.000 (99.792)
Epoch 58: [195/195]	Time 7.1762	Loss 0.0079 (0.0099)	Prec@1 100.000 (99.788)
 * Prec@1 92.758
Epoch 59: [39/195]	Time 7.2712	Loss 0.0165 (0.0105)	Prec@1 99.609 (99.770)
Epoch 59: [78/195]	Time 7.1949	Loss 0.0101 (0.0106)	Prec@1 100.000 (99.785)
Epoch 59: [117/195]	Time 7.1855	Loss 0.0215 (0.0102)	Prec@1 99.609 (99.790)
Epoch 59: [156/195]	Time 7.1961	Loss 0.0109 (0.0100)	Prec@1 99.609 (99.790)
Epoch 59: [195/195]	Time 7.1886	Loss 0.0043 (0.0095)	Prec@1 100.000 (99.804)
 * Prec@1 92.688
Epoch 60: [39/195]	Time 7.3166	Loss 0.0061 (0.0089)	Prec@1 100.000 (99.810)
Epoch 60: [78/195]	Time 7.1825	Loss 0.0044 (0.0086)	Prec@1 100.000 (99.800)
Epoch 60: [117/195]	Time 7.1835	Loss 0.0075 (0.0084)	Prec@1 100.000 (99.820)
Epoch 60: [156/195]	Time 7.1919	Loss 0.0053 (0.0083)	Prec@1 100.000 (99.817)
Epoch 60: [195/195]	Time 7.1839	Loss 0.0031 (0.0081)	Prec@1 100.000 (99.822)
 * Prec@1 92.618
Epoch 61: [39/195]	Time 7.3242	Loss 0.0059 (0.0074)	Prec@1 100.000 (99.870)
Epoch 61: [78/195]	Time 7.1864	Loss 0.0065 (0.0072)	Prec@1 100.000 (99.890)
Epoch 61: [117/195]	Time 7.1878	Loss 0.0174 (0.0076)	Prec@1 99.609 (99.856)
Epoch 61: [156/195]	Time 7.1903	Loss 0.0085 (0.0078)	Prec@1 99.609 (99.852)
Epoch 61: [195/195]	Time 7.1876	Loss 0.0042 (0.0077)	Prec@1 100.000 (99.860)
 * Prec@1 92.548
Epoch 62: [39/195]	Time 7.2781	Loss 0.0060 (0.0066)	Prec@1 100.000 (99.940)
Epoch 62: [78/195]	Time 7.2111	Loss 0.0066 (0.0068)	Prec@1 100.000 (99.890)
Epoch 62: [117/195]	Time 7.1906	Loss 0.0068 (0.0073)	Prec@1 99.609 (99.876)
Epoch 62: [156/195]	Time 7.1477	Loss 0.0078 (0.0076)	Prec@1 100.000 (99.852)
Epoch 62: [195/195]	Time 7.2070	Loss 0.0069 (0.0076)	Prec@1 100.000 (99.848)
 * Prec@1 92.708
Epoch 63: [39/195]	Time 7.2812	Loss 0.0024 (0.0064)	Prec@1 100.000 (99.850)
Epoch 63: [78/195]	Time 7.1702	Loss 0.0190 (0.0072)	Prec@1 99.609 (99.855)
Epoch 63: [117/195]	Time 7.1992	Loss 0.0065 (0.0071)	Prec@1 100.000 (99.863)
Epoch 63: [156/195]	Time 7.2113	Loss 0.0062 (0.0074)	Prec@1 100.000 (99.847)
Epoch 63: [195/195]	Time 7.1818	Loss 0.0059 (0.0073)	Prec@1 100.000 (99.848)
 * Prec@1 92.648
Epoch 64: [39/195]	Time 7.2692	Loss 0.0048 (0.0058)	Prec@1 100.000 (99.930)
Epoch 64: [78/195]	Time 7.2066	Loss 0.0028 (0.0057)	Prec@1 100.000 (99.925)
Epoch 64: [117/195]	Time 7.1888	Loss 0.0055 (0.0057)	Prec@1 100.000 (99.920)
Epoch 64: [156/195]	Time 7.1531	Loss 0.0020 (0.0058)	Prec@1 100.000 (99.915)
Epoch 64: [195/195]	Time 7.1918	Loss 0.0054 (0.0059)	Prec@1 100.000 (99.906)
 * Prec@1 92.758
Epoch 65: [39/195]	Time 7.2445	Loss 0.0070 (0.0045)	Prec@1 99.609 (99.950)
Epoch 65: [78/195]	Time 7.1600	Loss 0.0035 (0.0045)	Prec@1 100.000 (99.925)
Epoch 65: [117/195]	Time 7.1638	Loss 0.0043 (0.0047)	Prec@1 100.000 (99.920)
Epoch 65: [156/195]	Time 7.2250	Loss 0.0072 (0.0049)	Prec@1 100.000 (99.917)
Epoch 65: [195/195]	Time 7.1631	Loss 0.0023 (0.0051)	Prec@1 100.000 (99.916)
 * Prec@1 92.919
Epoch 66: [39/195]	Time 7.2618	Loss 0.0062 (0.0047)	Prec@1 99.609 (99.910)
Epoch 66: [78/195]	Time 7.1609	Loss 0.0083 (0.0048)	Prec@1 100.000 (99.920)
Epoch 66: [117/195]	Time 7.1955	Loss 0.0072 (0.0048)	Prec@1 99.609 (99.917)
Epoch 66: [156/195]	Time 7.2047	Loss 0.0075 (0.0047)	Prec@1 100.000 (99.930)
Epoch 66: [195/195]	Time 7.2056	Loss 0.0078 (0.0048)	Prec@1 99.609 (99.932)
 * Prec@1 92.839
Epoch 67: [39/195]	Time 7.2652	Loss 0.0033 (0.0052)	Prec@1 100.000 (99.920)
Epoch 67: [78/195]	Time 7.1738	Loss 0.0023 (0.0052)	Prec@1 100.000 (99.915)
Epoch 67: [117/195]	Time 7.1780	Loss 0.0022 (0.0049)	Prec@1 100.000 (99.923)
Epoch 67: [156/195]	Time 7.2405	Loss 0.0032 (0.0048)	Prec@1 100.000 (99.927)
Epoch 67: [195/195]	Time 7.2198	Loss 0.0024 (0.0046)	Prec@1 100.000 (99.934)
 * Prec@1 92.899
Epoch 68: [39/195]	Time 7.2964	Loss 0.0059 (0.0038)	Prec@1 99.609 (99.950)
Epoch 68: [78/195]	Time 7.1831	Loss 0.0024 (0.0044)	Prec@1 100.000 (99.930)
Epoch 68: [117/195]	Time 7.1943	Loss 0.0028 (0.0044)	Prec@1 100.000 (99.933)
Epoch 68: [156/195]	Time 7.1913	Loss 0.0027 (0.0042)	Prec@1 100.000 (99.935)
Epoch 68: [195/195]	Time 7.2284	Loss 0.0038 (0.0042)	Prec@1 100.000 (99.942)
 * Prec@1 92.869
Epoch 69: [39/195]	Time 7.3013	Loss 0.0047 (0.0041)	Prec@1 100.000 (99.950)
Epoch 69: [78/195]	Time 7.1864	Loss 0.0021 (0.0039)	Prec@1 100.000 (99.955)
Epoch 69: [117/195]	Time 7.1863	Loss 0.0041 (0.0038)	Prec@1 100.000 (99.953)
Epoch 69: [156/195]	Time 7.1940	Loss 0.0028 (0.0039)	Prec@1 100.000 (99.955)
Epoch 69: [195/195]	Time 7.1867	Loss 0.0018 (0.0039)	Prec@1 100.000 (99.954)
 * Prec@1 93.019
Epoch 70: [39/195]	Time 7.2468	Loss 0.0012 (0.0037)	Prec@1 100.000 (99.930)
Epoch 70: [78/195]	Time 7.2501	Loss 0.0038 (0.0038)	Prec@1 100.000 (99.920)
Epoch 70: [117/195]	Time 7.1948	Loss 0.0018 (0.0038)	Prec@1 100.000 (99.920)
Epoch 70: [156/195]	Time 7.2008	Loss 0.0022 (0.0038)	Prec@1 100.000 (99.932)
Epoch 70: [195/195]	Time 7.1841	Loss 0.0038 (0.0039)	Prec@1 100.000 (99.930)
 * Prec@1 93.059
Epoch 71: [39/195]	Time 7.2865	Loss 0.0032 (0.0032)	Prec@1 100.000 (99.970)
Epoch 71: [78/195]	Time 7.2241	Loss 0.0041 (0.0032)	Prec@1 100.000 (99.975)
Epoch 71: [117/195]	Time 7.2140	Loss 0.0121 (0.0035)	Prec@1 99.609 (99.970)
Epoch 71: [156/195]	Time 7.2063	Loss 0.0106 (0.0035)	Prec@1 100.000 (99.967)
Epoch 71: [195/195]	Time 7.1899	Loss 0.0016 (0.0036)	Prec@1 100.000 (99.960)
 * Prec@1 92.989
Epoch 72: [39/195]	Time 7.2896	Loss 0.0018 (0.0037)	Prec@1 100.000 (99.970)
Epoch 72: [78/195]	Time 7.2122	Loss 0.0024 (0.0036)	Prec@1 100.000 (99.965)
Epoch 72: [117/195]	Time 7.2140	Loss 0.0021 (0.0038)	Prec@1 100.000 (99.947)
Epoch 72: [156/195]	Time 7.2077	Loss 0.0013 (0.0036)	Prec@1 100.000 (99.952)
Epoch 72: [195/195]	Time 7.2113	Loss 0.0018 (0.0036)	Prec@1 100.000 (99.954)
 * Prec@1 93.009
Epoch 73: [39/195]	Time 7.3290	Loss 0.0030 (0.0031)	Prec@1 100.000 (99.970)
Epoch 73: [78/195]	Time 7.1899	Loss 0.0022 (0.0029)	Prec@1 100.000 (99.975)
Epoch 73: [117/195]	Time 7.1946	Loss 0.0041 (0.0030)	Prec@1 100.000 (99.973)
Epoch 73: [156/195]	Time 7.1937	Loss 0.0029 (0.0029)	Prec@1 100.000 (99.972)
Epoch 73: [195/195]	Time 7.1839	Loss 0.0031 (0.0030)	Prec@1 100.000 (99.974)
 * Prec@1 93.109
Epoch 74: [39/195]	Time 7.2987	Loss 0.0012 (0.0034)	Prec@1 100.000 (99.950)
Epoch 74: [78/195]	Time 7.2071	Loss 0.0028 (0.0030)	Prec@1 100.000 (99.975)
Epoch 74: [117/195]	Time 7.1971	Loss 0.0036 (0.0029)	Prec@1 100.000 (99.973)
Epoch 74: [156/195]	Time 7.1963	Loss 0.0058 (0.0029)	Prec@1 100.000 (99.972)
Epoch 74: [195/195]	Time 7.2005	Loss 0.0023 (0.0029)	Prec@1 100.000 (99.972)
 * Prec@1 93.149
Epoch 75: [39/195]	Time 7.3319	Loss 0.0021 (0.0028)	Prec@1 100.000 (99.990)
Epoch 75: [78/195]	Time 7.1892	Loss 0.0053 (0.0028)	Prec@1 100.000 (99.980)
Epoch 75: [117/195]	Time 7.1842	Loss 0.0030 (0.0028)	Prec@1 100.000 (99.983)
Epoch 75: [156/195]	Time 7.1967	Loss 0.0024 (0.0029)	Prec@1 100.000 (99.982)
Epoch 75: [195/195]	Time 7.1849	Loss 0.0016 (0.0030)	Prec@1 100.000 (99.980)
 * Prec@1 92.969
Epoch 76: [39/195]	Time 7.3010	Loss 0.0015 (0.0034)	Prec@1 100.000 (99.950)
Epoch 76: [78/195]	Time 7.2208	Loss 0.0018 (0.0029)	Prec@1 100.000 (99.970)
Epoch 76: [117/195]	Time 7.2188	Loss 0.0013 (0.0032)	Prec@1 100.000 (99.963)
Epoch 76: [156/195]	Time 7.1884	Loss 0.0015 (0.0032)	Prec@1 100.000 (99.967)
Epoch 76: [195/195]	Time 7.2378	Loss 0.0012 (0.0031)	Prec@1 100.000 (99.970)
 * Prec@1 93.039
Epoch 77: [39/195]	Time 7.3555	Loss 0.0029 (0.0024)	Prec@1 100.000 (100.000)
Epoch 77: [78/195]	Time 7.1905	Loss 0.0028 (0.0025)	Prec@1 100.000 (99.985)
Epoch 77: [117/195]	Time 7.2215	Loss 0.0017 (0.0025)	Prec@1 100.000 (99.987)
Epoch 77: [156/195]	Time 7.1877	Loss 0.0021 (0.0025)	Prec@1 100.000 (99.987)
Epoch 77: [195/195]	Time 7.1793	Loss 0.0018 (0.0026)	Prec@1 100.000 (99.984)
 * Prec@1 93.029
Epoch 78: [39/195]	Time 7.3174	Loss 0.0010 (0.0026)	Prec@1 100.000 (99.990)
Epoch 78: [78/195]	Time 7.1926	Loss 0.0020 (0.0026)	Prec@1 100.000 (99.980)
Epoch 78: [117/195]	Time 7.1654	Loss 0.0032 (0.0026)	Prec@1 100.000 (99.980)
Epoch 78: [156/195]	Time 7.1894	Loss 0.0022 (0.0026)	Prec@1 100.000 (99.982)
Epoch 78: [195/195]	Time 7.1968	Loss 0.0077 (0.0027)	Prec@1 99.609 (99.980)
 * Prec@1 93.109
Epoch 79: [39/195]	Time 7.2946	Loss 0.0023 (0.0028)	Prec@1 100.000 (99.970)
Epoch 79: [78/195]	Time 7.2120	Loss 0.0014 (0.0026)	Prec@1 100.000 (99.975)
Epoch 79: [117/195]	Time 7.1953	Loss 0.0043 (0.0026)	Prec@1 100.000 (99.980)
Epoch 79: [156/195]	Time 7.1914	Loss 0.0015 (0.0026)	Prec@1 100.000 (99.977)
Epoch 79: [195/195]	Time 7.1946	Loss 0.0039 (0.0025)	Prec@1 100.000 (99.978)
 * Prec@1 93.079
Epoch 80: [39/195]	Time 7.2826	Loss 0.0014 (0.0023)	Prec@1 100.000 (99.970)
Epoch 80: [78/195]	Time 7.1524	Loss 0.0026 (0.0024)	Prec@1 100.000 (99.970)
Epoch 80: [117/195]	Time 7.1810	Loss 0.0009 (0.0023)	Prec@1 100.000 (99.980)
Epoch 80: [156/195]	Time 7.1984	Loss 0.0031 (0.0024)	Prec@1 100.000 (99.980)
Epoch 80: [195/195]	Time 7.1638	Loss 0.0036 (0.0024)	Prec@1 100.000 (99.984)
 * Prec@1 93.129
Epoch 81: [39/195]	Time 7.3099	Loss 0.0021 (0.0022)	Prec@1 100.000 (99.990)
Epoch 81: [78/195]	Time 7.1761	Loss 0.0023 (0.0025)	Prec@1 100.000 (99.975)
Epoch 81: [117/195]	Time 7.1779	Loss 0.0027 (0.0026)	Prec@1 100.000 (99.967)
Epoch 81: [156/195]	Time 7.1837	Loss 0.0020 (0.0025)	Prec@1 100.000 (99.975)
Epoch 81: [195/195]	Time 7.1854	Loss 0.0020 (0.0025)	Prec@1 100.000 (99.976)
 * Prec@1 93.159
Epoch 82: [39/195]	Time 7.2532	Loss 0.0020 (0.0020)	Prec@1 100.000 (100.000)
Epoch 82: [78/195]	Time 7.2019	Loss 0.0018 (0.0022)	Prec@1 100.000 (99.990)
Epoch 82: [117/195]	Time 7.2006	Loss 0.0026 (0.0022)	Prec@1 100.000 (99.993)
Epoch 82: [156/195]	Time 7.2057	Loss 0.0016 (0.0022)	Prec@1 100.000 (99.992)
Epoch 82: [195/195]	Time 7.1990	Loss 0.0020 (0.0023)	Prec@1 100.000 (99.988)
 * Prec@1 93.069
Epoch 83: [39/195]	Time 7.2632	Loss 0.0009 (0.0025)	Prec@1 100.000 (99.970)
Epoch 83: [78/195]	Time 7.1939	Loss 0.0019 (0.0023)	Prec@1 100.000 (99.980)
Epoch 83: [117/195]	Time 7.1947	Loss 0.0024 (0.0023)	Prec@1 100.000 (99.980)
Epoch 83: [156/195]	Time 7.1884	Loss 0.0022 (0.0023)	Prec@1 100.000 (99.985)
Epoch 83: [195/195]	Time 7.1917	Loss 0.0015 (0.0023)	Prec@1 100.000 (99.986)
 * Prec@1 93.219
Epoch 84: [39/195]	Time 7.2576	Loss 0.0024 (0.0023)	Prec@1 100.000 (99.980)
Epoch 84: [78/195]	Time 7.1388	Loss 0.0016 (0.0022)	Prec@1 100.000 (99.980)
Epoch 84: [117/195]	Time 7.2025	Loss 0.0014 (0.0021)	Prec@1 100.000 (99.987)
Epoch 84: [156/195]	Time 7.2089	Loss 0.0014 (0.0021)	Prec@1 100.000 (99.990)
Epoch 84: [195/195]	Time 7.1954	Loss 0.0013 (0.0021)	Prec@1 100.000 (99.986)
 * Prec@1 93.139
Epoch 85: [39/195]	Time 7.2430	Loss 0.0017 (0.0025)	Prec@1 100.000 (99.980)
Epoch 85: [78/195]	Time 7.1586	Loss 0.0018 (0.0022)	Prec@1 100.000 (99.990)
Epoch 85: [117/195]	Time 7.1597	Loss 0.0019 (0.0022)	Prec@1 100.000 (99.993)
Epoch 85: [156/195]	Time 7.2121	Loss 0.0022 (0.0023)	Prec@1 100.000 (99.980)
Epoch 85: [195/195]	Time 7.1749	Loss 0.0017 (0.0023)	Prec@1 100.000 (99.982)
 * Prec@1 93.159
Epoch 86: [39/195]	Time 7.2590	Loss 0.0034 (0.0022)	Prec@1 100.000 (99.990)
Epoch 86: [78/195]	Time 7.1573	Loss 0.0022 (0.0023)	Prec@1 100.000 (99.975)
Epoch 86: [117/195]	Time 7.2160	Loss 0.0018 (0.0023)	Prec@1 100.000 (99.983)
Epoch 86: [156/195]	Time 7.2009	Loss 0.0013 (0.0022)	Prec@1 100.000 (99.982)
Epoch 86: [195/195]	Time 7.1967	Loss 0.0019 (0.0022)	Prec@1 100.000 (99.982)
 * Prec@1 93.159
Epoch 87: [39/195]	Time 7.2751	Loss 0.0023 (0.0020)	Prec@1 100.000 (100.000)
Epoch 87: [78/195]	Time 7.1717	Loss 0.0052 (0.0020)	Prec@1 100.000 (100.000)
Epoch 87: [117/195]	Time 7.1683	Loss 0.0026 (0.0021)	Prec@1 100.000 (99.993)
Epoch 87: [156/195]	Time 7.1754	Loss 0.0021 (0.0020)	Prec@1 100.000 (99.995)
Epoch 87: [195/195]	Time 7.1686	Loss 0.0043 (0.0020)	Prec@1 100.000 (99.996)
 * Prec@1 93.179
Epoch 88: [39/195]	Time 7.2734	Loss 0.0027 (0.0027)	Prec@1 100.000 (99.960)
Epoch 88: [78/195]	Time 7.1634	Loss 0.0029 (0.0025)	Prec@1 100.000 (99.975)
Epoch 88: [117/195]	Time 7.1566	Loss 0.0014 (0.0024)	Prec@1 100.000 (99.970)
Epoch 88: [156/195]	Time 7.1603	Loss 0.0021 (0.0023)	Prec@1 100.000 (99.977)
Epoch 88: [195/195]	Time 7.1892	Loss 0.0020 (0.0023)	Prec@1 100.000 (99.980)
 * Prec@1 93.259
Epoch 89: [39/195]	Time 7.2619	Loss 0.0018 (0.0020)	Prec@1 100.000 (100.000)
Epoch 89: [78/195]	Time 7.1539	Loss 0.0021 (0.0019)	Prec@1 100.000 (100.000)
Epoch 89: [117/195]	Time 7.1615	Loss 0.0010 (0.0020)	Prec@1 100.000 (99.997)
Epoch 89: [156/195]	Time 7.1682	Loss 0.0022 (0.0021)	Prec@1 100.000 (99.992)
Epoch 89: [195/195]	Time 7.1441	Loss 0.0012 (0.0021)	Prec@1 100.000 (99.986)
 * Prec@1 93.249
Epoch 90: [39/195]	Time 7.2937	Loss 0.0013 (0.0020)	Prec@1 100.000 (99.980)
Epoch 90: [78/195]	Time 7.1951	Loss 0.0009 (0.0021)	Prec@1 100.000 (99.975)
Epoch 90: [117/195]	Time 7.1926	Loss 0.0018 (0.0020)	Prec@1 100.000 (99.983)
Epoch 90: [156/195]	Time 7.1925	Loss 0.0011 (0.0020)	Prec@1 100.000 (99.985)
Epoch 90: [195/195]	Time 7.1800	Loss 0.0011 (0.0020)	Prec@1 100.000 (99.988)
 * Prec@1 93.289
Epoch 91: [39/195]	Time 7.2596	Loss 0.0024 (0.0023)	Prec@1 100.000 (99.990)
Epoch 91: [78/195]	Time 7.1847	Loss 0.0029 (0.0022)	Prec@1 100.000 (99.990)
Epoch 91: [117/195]	Time 7.1812	Loss 0.0007 (0.0021)	Prec@1 100.000 (99.987)
Epoch 91: [156/195]	Time 7.1782	Loss 0.0078 (0.0022)	Prec@1 99.609 (99.982)
Epoch 91: [195/195]	Time 7.1762	Loss 0.0012 (0.0021)	Prec@1 100.000 (99.986)
 * Prec@1 93.309
Epoch 92: [39/195]	Time 7.2463	Loss 0.0014 (0.0022)	Prec@1 100.000 (99.980)
Epoch 92: [78/195]	Time 7.1867	Loss 0.0010 (0.0020)	Prec@1 100.000 (99.990)
Epoch 92: [117/195]	Time 7.1865	Loss 0.0026 (0.0020)	Prec@1 100.000 (99.993)
Epoch 92: [156/195]	Time 7.2079	Loss 0.0017 (0.0020)	Prec@1 100.000 (99.995)
Epoch 92: [195/195]	Time 7.1862	Loss 0.0014 (0.0020)	Prec@1 100.000 (99.992)
 * Prec@1 93.219
Epoch 93: [39/195]	Time 7.2685	Loss 0.0010 (0.0018)	Prec@1 100.000 (100.000)
Epoch 93: [78/195]	Time 7.2093	Loss 0.0016 (0.0017)	Prec@1 100.000 (100.000)
Epoch 93: [117/195]	Time 7.1990	Loss 0.0029 (0.0019)	Prec@1 100.000 (99.997)
Epoch 93: [156/195]	Time 7.1990	Loss 0.0024 (0.0019)	Prec@1 100.000 (99.995)
Epoch 93: [195/195]	Time 7.2014	Loss 0.0019 (0.0020)	Prec@1 100.000 (99.992)
 * Prec@1 93.269
Epoch 94: [39/195]	Time 7.2749	Loss 0.0074 (0.0020)	Prec@1 99.609 (99.980)
Epoch 94: [78/195]	Time 7.1987	Loss 0.0031 (0.0021)	Prec@1 100.000 (99.990)
Epoch 94: [117/195]	Time 7.1914	Loss 0.0021 (0.0020)	Prec@1 100.000 (99.990)
Epoch 94: [156/195]	Time 7.2325	Loss 0.0016 (0.0020)	Prec@1 100.000 (99.992)
Epoch 94: [195/195]	Time 7.2060	Loss 0.0012 (0.0020)	Prec@1 100.000 (99.994)
 * Prec@1 93.179
Epoch 95: [39/195]	Time 7.2803	Loss 0.0011 (0.0018)	Prec@1 100.000 (100.000)
Epoch 95: [78/195]	Time 7.2251	Loss 0.0016 (0.0020)	Prec@1 100.000 (99.990)
Epoch 95: [117/195]	Time 7.2410	Loss 0.0013 (0.0019)	Prec@1 100.000 (99.993)
Epoch 95: [156/195]	Time 7.2338	Loss 0.0100 (0.0020)	Prec@1 99.609 (99.987)
Epoch 95: [195/195]	Time 7.1853	Loss 0.0016 (0.0020)	Prec@1 100.000 (99.984)
 * Prec@1 93.259
Epoch 96: [39/195]	Time 7.3799	Loss 0.0021 (0.0017)	Prec@1 100.000 (100.000)
Epoch 96: [78/195]	Time 7.2112	Loss 0.0014 (0.0019)	Prec@1 100.000 (99.990)
Epoch 96: [117/195]	Time 7.1898	Loss 0.0009 (0.0019)	Prec@1 100.000 (99.990)
Epoch 96: [156/195]	Time 7.1917	Loss 0.0010 (0.0019)	Prec@1 100.000 (99.990)
Epoch 96: [195/195]	Time 7.1888	Loss 0.0032 (0.0020)	Prec@1 100.000 (99.988)
 * Prec@1 93.279
Epoch 97: [39/195]	Time 7.3097	Loss 0.0023 (0.0020)	Prec@1 100.000 (100.000)
Epoch 97: [78/195]	Time 7.2298	Loss 0.0013 (0.0021)	Prec@1 100.000 (100.000)
Epoch 97: [117/195]	Time 7.1851	Loss 0.0042 (0.0020)	Prec@1 100.000 (100.000)
Epoch 97: [156/195]	Time 7.1802	Loss 0.0010 (0.0019)	Prec@1 100.000 (100.000)
Epoch 97: [195/195]	Time 7.1799	Loss 0.0009 (0.0020)	Prec@1 100.000 (99.996)
 * Prec@1 93.179
Epoch 98: [39/195]	Time 7.2734	Loss 0.0014 (0.0022)	Prec@1 100.000 (99.990)
Epoch 98: [78/195]	Time 7.2209	Loss 0.0012 (0.0020)	Prec@1 100.000 (99.995)
Epoch 98: [117/195]	Time 7.2285	Loss 0.0030 (0.0020)	Prec@1 100.000 (99.997)
Epoch 98: [156/195]	Time 7.2181	Loss 0.0021 (0.0021)	Prec@1 100.000 (99.992)
Epoch 98: [195/195]	Time 7.2168	Loss 0.0012 (0.0021)	Prec@1 100.000 (99.990)
 * Prec@1 93.219
Epoch 99: [39/195]	Time 7.2839	Loss 0.0026 (0.0020)	Prec@1 100.000 (100.000)
Epoch 99: [78/195]	Time 7.1878	Loss 0.0012 (0.0021)	Prec@1 100.000 (99.990)
Epoch 99: [117/195]	Time 7.2429	Loss 0.0016 (0.0021)	Prec@1 100.000 (99.987)
Epoch 99: [156/195]	Time 7.2264	Loss 0.0028 (0.0021)	Prec@1 100.000 (99.987)
Epoch 99: [195/195]	Time 7.1849	Loss 0.0014 (0.0021)	Prec@1 100.000 (99.986)
 * Prec@1 93.269
Best Prec@1 93.309
