Files already downloaded and verified
Files already downloaded and verified
Start Training First 20 EPOCHs
Epoch 0: [39/390]	Time 10.6232	Loss 2.9128 (3.0875)	Prec@1 16.406 (18.910)
Epoch 0: [78/390]	Time 9.1534	Loss 2.4182 (2.9413)	Prec@1 17.969 (20.062)
Epoch 0: [117/390]	Time 9.1559	Loss 2.3869 (2.8090)	Prec@1 24.219 (20.666)
Epoch 0: [156/390]	Time 9.1566	Loss 2.2627 (2.6916)	Prec@1 23.438 (21.434)
Epoch 0: [195/390]	Time 9.1587	Loss 2.0933 (2.5964)	Prec@1 33.594 (22.412)
Epoch 0: [234/390]	Time 9.1646	Loss 1.9785 (2.5129)	Prec@1 31.250 (23.254)
Epoch 0: [273/390]	Time 9.1752	Loss 1.8968 (2.4478)	Prec@1 30.469 (23.930)
Epoch 0: [312/390]	Time 9.1758	Loss 2.1428 (2.3909)	Prec@1 22.656 (24.562)
Epoch 0: [351/390]	Time 9.1743	Loss 1.9912 (2.3419)	Prec@1 28.906 (25.080)
Epoch 0: [390/390]	Time 9.1710	Loss 1.9530 (2.2997)	Prec@1 33.594 (25.647)
 * Prec@1 32.472
Epoch 1: [39/390]	Time 9.2468	Loss 1.9103 (1.8805)	Prec@1 33.594 (30.990)
Epoch 1: [78/390]	Time 9.1758	Loss 1.9024 (1.8595)	Prec@1 32.812 (32.272)
Epoch 1: [117/390]	Time 9.1758	Loss 1.8308 (1.8450)	Prec@1 31.250 (32.692)
Epoch 1: [156/390]	Time 9.1750	Loss 1.9289 (1.8370)	Prec@1 30.469 (32.787)
Epoch 1: [195/390]	Time 9.1782	Loss 1.8049 (1.8304)	Prec@1 32.812 (33.017)
Epoch 1: [234/390]	Time 9.1839	Loss 1.7466 (1.8218)	Prec@1 35.156 (33.380)
Epoch 1: [273/390]	Time 9.1840	Loss 1.7177 (1.8116)	Prec@1 44.531 (33.791)
Epoch 1: [312/390]	Time 9.1868	Loss 1.6554 (1.8037)	Prec@1 40.625 (34.002)
Epoch 1: [351/390]	Time 9.1861	Loss 1.7834 (1.7960)	Prec@1 41.406 (34.230)
Epoch 1: [390/390]	Time 9.1834	Loss 1.7002 (1.7906)	Prec@1 42.969 (34.407)
 * Prec@1 38.452
Epoch 2: [39/390]	Time 9.2537	Loss 1.8525 (1.6927)	Prec@1 28.125 (36.619)
Epoch 2: [78/390]	Time 9.1858	Loss 1.7460 (1.6859)	Prec@1 34.375 (37.690)
Epoch 2: [117/390]	Time 9.1868	Loss 1.6299 (1.6773)	Prec@1 37.500 (38.154)
Epoch 2: [156/390]	Time 9.1872	Loss 1.5329 (1.6767)	Prec@1 45.312 (38.201)
Epoch 2: [195/390]	Time 9.1864	Loss 1.7728 (1.6749)	Prec@1 35.156 (38.337)
Epoch 2: [234/390]	Time 9.1884	Loss 1.6330 (1.6671)	Prec@1 37.500 (38.545)
Epoch 2: [273/390]	Time 9.1863	Loss 1.6603 (1.6633)	Prec@1 39.062 (38.725)
Epoch 2: [312/390]	Time 9.1867	Loss 1.7427 (1.6599)	Prec@1 35.938 (38.952)
Epoch 2: [351/390]	Time 9.1883	Loss 1.5356 (1.6539)	Prec@1 46.094 (39.185)
Epoch 2: [390/390]	Time 9.1846	Loss 1.5742 (1.6482)	Prec@1 40.625 (39.381)
 * Prec@1 43.159
Epoch 3: [39/390]	Time 9.2503	Loss 1.6486 (1.6023)	Prec@1 39.844 (40.565)
Epoch 3: [78/390]	Time 9.1873	Loss 1.6894 (1.6091)	Prec@1 39.844 (40.375)
Epoch 3: [117/390]	Time 9.1892	Loss 1.4853 (1.5980)	Prec@1 41.406 (41.066)
Epoch 3: [156/390]	Time 9.1872	Loss 1.6593 (1.5871)	Prec@1 45.312 (41.727)
Epoch 3: [195/390]	Time 9.1862	Loss 1.6175 (1.5808)	Prec@1 39.062 (42.119)
Epoch 3: [234/390]	Time 9.1892	Loss 1.6683 (1.5783)	Prec@1 35.938 (42.011)
Epoch 3: [273/390]	Time 9.1886	Loss 1.5887 (1.5727)	Prec@1 41.406 (42.125)
Epoch 3: [312/390]	Time 9.1885	Loss 1.5176 (1.5699)	Prec@1 49.219 (42.258)
Epoch 3: [351/390]	Time 9.1889	Loss 1.5232 (1.5679)	Prec@1 43.750 (42.357)
Epoch 3: [390/390]	Time 9.1858	Loss 1.5228 (1.5654)	Prec@1 42.969 (42.400)
 * Prec@1 44.732
Epoch 4: [39/390]	Time 9.2750	Loss 1.6214 (1.5120)	Prec@1 39.062 (43.530)
Epoch 4: [78/390]	Time 9.1886	Loss 1.5615 (1.5187)	Prec@1 41.406 (43.790)
Epoch 4: [117/390]	Time 9.1895	Loss 1.3786 (1.5210)	Prec@1 48.438 (43.917)
Epoch 4: [156/390]	Time 9.1885	Loss 1.4246 (1.5201)	Prec@1 46.875 (43.915)
Epoch 4: [195/390]	Time 9.1897	Loss 1.5645 (1.5160)	Prec@1 42.969 (44.022)
Epoch 4: [234/390]	Time 9.1881	Loss 1.5833 (1.5110)	Prec@1 42.188 (44.221)
Epoch 4: [273/390]	Time 9.1863	Loss 1.5423 (1.5100)	Prec@1 46.875 (44.311)
Epoch 4: [312/390]	Time 9.1883	Loss 1.3479 (1.5062)	Prec@1 48.438 (44.499)
Epoch 4: [351/390]	Time 9.1887	Loss 1.6451 (1.5045)	Prec@1 35.938 (44.640)
Epoch 4: [390/390]	Time 9.1857	Loss 1.4359 (1.5010)	Prec@1 40.625 (44.768)
 * Prec@1 47.536
Epoch 5: [39/390]	Time 9.2631	Loss 1.3942 (1.4550)	Prec@1 58.594 (46.675)
Epoch 5: [78/390]	Time 9.1881	Loss 1.4614 (1.4558)	Prec@1 45.312 (47.075)
Epoch 5: [117/390]	Time 9.1904	Loss 1.6000 (1.4591)	Prec@1 45.312 (46.989)
Epoch 5: [156/390]	Time 9.1897	Loss 1.5140 (1.4618)	Prec@1 46.094 (47.075)
Epoch 5: [195/390]	Time 9.1900	Loss 1.4910 (1.4615)	Prec@1 46.094 (47.007)
Epoch 5: [234/390]	Time 9.1907	Loss 1.4153 (1.4595)	Prec@1 48.438 (46.915)
Epoch 5: [273/390]	Time 9.1919	Loss 1.3626 (1.4540)	Prec@1 46.875 (47.101)
Epoch 5: [312/390]	Time 9.1914	Loss 1.4530 (1.4515)	Prec@1 47.656 (47.201)
Epoch 5: [351/390]	Time 9.1919	Loss 1.5471 (1.4516)	Prec@1 45.312 (47.271)
Epoch 5: [390/390]	Time 9.1889	Loss 1.2825 (1.4493)	Prec@1 55.469 (47.390)
 * Prec@1 49.369
Epoch 6: [39/390]	Time 9.2914	Loss 1.3582 (1.4387)	Prec@1 46.094 (46.615)
Epoch 6: [78/390]	Time 9.1902	Loss 1.4791 (1.4317)	Prec@1 45.312 (47.246)
Epoch 6: [117/390]	Time 9.1889	Loss 1.4271 (1.4245)	Prec@1 46.875 (47.616)
Epoch 6: [156/390]	Time 9.1908	Loss 1.3254 (1.4259)	Prec@1 54.688 (47.541)
Epoch 6: [195/390]	Time 9.1903	Loss 1.3032 (1.4238)	Prec@1 50.781 (47.780)
Epoch 6: [234/390]	Time 9.1909	Loss 1.5096 (1.4218)	Prec@1 49.219 (48.024)
Epoch 6: [273/390]	Time 9.1910	Loss 1.4203 (1.4219)	Prec@1 46.875 (48.108)
Epoch 6: [312/390]	Time 9.1916	Loss 1.3528 (1.4196)	Prec@1 47.656 (48.177)
Epoch 6: [351/390]	Time 9.1935	Loss 1.2884 (1.4160)	Prec@1 57.812 (48.380)
Epoch 6: [390/390]	Time 9.2019	Loss 1.2939 (1.4132)	Prec@1 48.438 (48.478)
 * Prec@1 50.531
Epoch 7: [39/390]	Time 9.3243	Loss 1.3952 (1.3772)	Prec@1 52.344 (50.100)
Epoch 7: [78/390]	Time 9.2045	Loss 1.4354 (1.3783)	Prec@1 44.531 (49.760)
Epoch 7: [117/390]	Time 9.2047	Loss 1.1800 (1.3647)	Prec@1 62.500 (50.481)
Epoch 7: [156/390]	Time 9.2061	Loss 1.4621 (1.3679)	Prec@1 42.188 (50.170)
Epoch 7: [195/390]	Time 9.2043	Loss 1.3486 (1.3677)	Prec@1 50.000 (50.260)
Epoch 7: [234/390]	Time 9.2049	Loss 1.4691 (1.3698)	Prec@1 50.781 (50.317)
Epoch 7: [273/390]	Time 9.2059	Loss 1.4128 (1.3710)	Prec@1 50.781 (50.335)
Epoch 7: [312/390]	Time 9.2071	Loss 1.3237 (1.3708)	Prec@1 59.375 (50.258)
Epoch 7: [351/390]	Time 9.2071	Loss 1.2873 (1.3701)	Prec@1 59.375 (50.283)
Epoch 7: [390/390]	Time 9.2058	Loss 1.4352 (1.3689)	Prec@1 48.438 (50.315)
 * Prec@1 52.474
Epoch 8: [39/390]	Time 9.2831	Loss 1.3970 (1.3691)	Prec@1 50.781 (50.240)
Epoch 8: [78/390]	Time 9.2054	Loss 1.3955 (1.3667)	Prec@1 51.562 (50.451)
Epoch 8: [117/390]	Time 9.2058	Loss 1.2562 (1.3575)	Prec@1 53.906 (50.955)
Epoch 8: [156/390]	Time 9.2051	Loss 1.5796 (1.3524)	Prec@1 46.094 (50.826)
Epoch 8: [195/390]	Time 9.2071	Loss 1.2609 (1.3514)	Prec@1 57.031 (50.869)
Epoch 8: [234/390]	Time 9.2091	Loss 1.3150 (1.3463)	Prec@1 53.125 (51.289)
Epoch 8: [273/390]	Time 9.2143	Loss 1.2567 (1.3440)	Prec@1 59.375 (51.399)
Epoch 8: [312/390]	Time 9.2093	Loss 1.2317 (1.3408)	Prec@1 53.906 (51.507)
Epoch 8: [351/390]	Time 9.2067	Loss 1.3774 (1.3420)	Prec@1 52.344 (51.522)
Epoch 8: [390/390]	Time 9.2051	Loss 1.2954 (1.3412)	Prec@1 50.781 (51.571)
 * Prec@1 53.015
Epoch 9: [39/390]	Time 9.2946	Loss 1.3502 (1.3477)	Prec@1 50.781 (50.982)
Epoch 9: [78/390]	Time 9.2069	Loss 1.2414 (1.3359)	Prec@1 53.906 (51.442)
Epoch 9: [117/390]	Time 9.2078	Loss 1.4015 (1.3353)	Prec@1 46.094 (51.436)
Epoch 9: [156/390]	Time 9.2063	Loss 1.3995 (1.3284)	Prec@1 53.906 (51.863)
Epoch 9: [195/390]	Time 9.2085	Loss 1.3317 (1.3291)	Prec@1 50.000 (51.759)
Epoch 9: [234/390]	Time 9.2052	Loss 1.3117 (1.3273)	Prec@1 53.906 (51.840)
Epoch 9: [273/390]	Time 9.2042	Loss 1.3135 (1.3236)	Prec@1 52.344 (51.989)
Epoch 9: [312/390]	Time 9.2065	Loss 1.3182 (1.3229)	Prec@1 53.906 (52.066)
Epoch 9: [351/390]	Time 9.2063	Loss 1.2606 (1.3206)	Prec@1 50.000 (52.192)
Epoch 9: [390/390]	Time 9.2049	Loss 1.3621 (1.3182)	Prec@1 56.250 (52.288)
 * Prec@1 53.726
Epoch 10: [39/390]	Time 9.2933	Loss 1.2457 (1.2972)	Prec@1 57.812 (52.945)
Epoch 10: [78/390]	Time 9.2079	Loss 1.2893 (1.3020)	Prec@1 51.562 (52.804)
Epoch 10: [117/390]	Time 9.2061	Loss 1.2843 (1.2975)	Prec@1 51.562 (53.305)
Epoch 10: [156/390]	Time 9.2085	Loss 1.1775 (1.2968)	Prec@1 55.469 (53.205)
Epoch 10: [195/390]	Time 9.2067	Loss 1.3732 (1.2984)	Prec@1 54.688 (53.109)
Epoch 10: [234/390]	Time 9.2071	Loss 1.2856 (1.2977)	Prec@1 54.688 (53.152)
Epoch 10: [273/390]	Time 9.2067	Loss 1.1772 (1.2972)	Prec@1 61.719 (53.228)
Epoch 10: [312/390]	Time 9.2075	Loss 1.4180 (1.2991)	Prec@1 51.562 (53.210)
Epoch 10: [351/390]	Time 9.2062	Loss 1.1874 (1.2976)	Prec@1 55.469 (53.321)
Epoch 10: [390/390]	Time 9.2053	Loss 1.2778 (1.2959)	Prec@1 48.438 (53.391)
 * Prec@1 54.688
Epoch 11: [39/390]	Time 9.2955	Loss 1.4169 (1.2794)	Prec@1 48.438 (53.746)
Epoch 11: [78/390]	Time 9.2077	Loss 1.2223 (1.2864)	Prec@1 57.812 (53.596)
Epoch 11: [117/390]	Time 9.2086	Loss 1.2370 (1.2821)	Prec@1 59.375 (54.020)
Epoch 11: [156/390]	Time 9.2102	Loss 1.2233 (1.2784)	Prec@1 57.031 (54.036)
Epoch 11: [195/390]	Time 9.2061	Loss 1.5490 (1.2805)	Prec@1 45.312 (53.854)
Epoch 11: [234/390]	Time 9.2067	Loss 1.2819 (1.2774)	Prec@1 50.781 (53.900)
Epoch 11: [273/390]	Time 9.2058	Loss 1.2234 (1.2758)	Prec@1 59.375 (54.006)
Epoch 11: [312/390]	Time 9.2071	Loss 1.3705 (1.2763)	Prec@1 52.344 (53.921)
Epoch 11: [351/390]	Time 9.2085	Loss 1.1232 (1.2749)	Prec@1 57.812 (54.020)
Epoch 11: [390/390]	Time 9.2053	Loss 1.2431 (1.2743)	Prec@1 55.469 (54.036)
 * Prec@1 55.829
Epoch 12: [39/390]	Time 9.3111	Loss 1.2907 (1.2987)	Prec@1 54.688 (53.906)
Epoch 12: [78/390]	Time 9.2059	Loss 1.3152 (1.2872)	Prec@1 50.781 (54.117)
Epoch 12: [117/390]	Time 9.2074	Loss 1.3545 (1.2773)	Prec@1 48.438 (54.414)
Epoch 12: [156/390]	Time 9.2080	Loss 1.2487 (1.2695)	Prec@1 50.000 (54.602)
Epoch 12: [195/390]	Time 9.2081	Loss 1.2667 (1.2748)	Prec@1 53.125 (54.319)
Epoch 12: [234/390]	Time 9.2071	Loss 1.2157 (1.2694)	Prec@1 57.812 (54.454)
Epoch 12: [273/390]	Time 9.2070	Loss 1.2870 (1.2669)	Prec@1 54.688 (54.513)
Epoch 12: [312/390]	Time 9.2088	Loss 1.3473 (1.2661)	Prec@1 54.688 (54.575)
Epoch 12: [351/390]	Time 9.2081	Loss 1.2145 (1.2661)	Prec@1 57.031 (54.578)
Epoch 12: [390/390]	Time 9.2053	Loss 1.3678 (1.2661)	Prec@1 50.000 (54.539)
 * Prec@1 55.128
Epoch 13: [39/390]	Time 9.2913	Loss 1.3516 (1.2800)	Prec@1 53.125 (53.906)
Epoch 13: [78/390]	Time 9.2080	Loss 1.0989 (1.2602)	Prec@1 60.938 (54.557)
Epoch 13: [117/390]	Time 9.2068	Loss 1.2563 (1.2698)	Prec@1 54.688 (54.434)
Epoch 13: [156/390]	Time 9.2086	Loss 1.2685 (1.2661)	Prec@1 56.250 (54.617)
Epoch 13: [195/390]	Time 9.2103	Loss 1.1407 (1.2642)	Prec@1 60.156 (54.607)
Epoch 13: [234/390]	Time 9.2103	Loss 1.3166 (1.2647)	Prec@1 53.125 (54.624)
Epoch 13: [273/390]	Time 9.2126	Loss 1.2062 (1.2634)	Prec@1 57.031 (54.590)
Epoch 13: [312/390]	Time 9.2102	Loss 1.2674 (1.2613)	Prec@1 52.344 (54.620)
Epoch 13: [351/390]	Time 9.2106	Loss 1.2536 (1.2599)	Prec@1 44.531 (54.719)
Epoch 13: [390/390]	Time 9.2130	Loss 1.2075 (1.2586)	Prec@1 52.344 (54.786)
 * Prec@1 56.861
Epoch 14: [39/390]	Time 9.3180	Loss 1.2630 (1.2521)	Prec@1 57.812 (54.207)
Epoch 14: [78/390]	Time 9.2096	Loss 1.2319 (1.2511)	Prec@1 52.344 (54.277)
Epoch 14: [117/390]	Time 9.2109	Loss 1.4326 (1.2522)	Prec@1 45.312 (54.527)
Epoch 14: [156/390]	Time 9.2110	Loss 1.2245 (1.2481)	Prec@1 56.250 (54.843)
Epoch 14: [195/390]	Time 9.2103	Loss 1.2194 (1.2440)	Prec@1 54.688 (54.884)
Epoch 14: [234/390]	Time 9.2142	Loss 1.2067 (1.2453)	Prec@1 54.688 (54.788)
Epoch 14: [273/390]	Time 9.2120	Loss 1.1135 (1.2455)	Prec@1 60.156 (54.908)
Epoch 14: [312/390]	Time 9.2092	Loss 1.2265 (1.2444)	Prec@1 58.594 (55.006)
Epoch 14: [351/390]	Time 9.2111	Loss 1.2979 (1.2449)	Prec@1 50.781 (55.073)
Epoch 14: [390/390]	Time 9.2087	Loss 1.2105 (1.2440)	Prec@1 54.688 (55.100)
 * Prec@1 56.330
Epoch 15: [39/390]	Time 9.2912	Loss 1.1221 (1.2262)	Prec@1 58.594 (55.409)
Epoch 15: [78/390]	Time 9.2101	Loss 1.2401 (1.2467)	Prec@1 57.031 (54.918)
Epoch 15: [117/390]	Time 9.2112	Loss 1.1741 (1.2484)	Prec@1 59.375 (54.848)
Epoch 15: [156/390]	Time 9.2113	Loss 1.2824 (1.2484)	Prec@1 54.688 (54.878)
Epoch 15: [195/390]	Time 9.2113	Loss 1.2957 (1.2496)	Prec@1 55.469 (54.924)
Epoch 15: [234/390]	Time 9.2106	Loss 1.1690 (1.2479)	Prec@1 60.156 (54.978)
Epoch 15: [273/390]	Time 9.2129	Loss 1.2848 (1.2463)	Prec@1 51.562 (55.062)
Epoch 15: [312/390]	Time 9.2096	Loss 1.2291 (1.2458)	Prec@1 52.344 (55.151)
Epoch 15: [351/390]	Time 9.2108	Loss 1.1179 (1.2435)	Prec@1 58.594 (55.237)
Epoch 15: [390/390]	Time 9.2073	Loss 1.1811 (1.2423)	Prec@1 54.688 (55.244)
 * Prec@1 56.661
Epoch 16: [39/390]	Time 9.2852	Loss 1.3482 (1.2563)	Prec@1 53.125 (54.627)
Epoch 16: [78/390]	Time 9.2099	Loss 1.1015 (1.2524)	Prec@1 64.062 (55.178)
Epoch 16: [117/390]	Time 9.2125	Loss 1.2777 (1.2434)	Prec@1 58.594 (55.576)
Epoch 16: [156/390]	Time 9.2130	Loss 1.3056 (1.2435)	Prec@1 52.344 (55.604)
Epoch 16: [195/390]	Time 9.2107	Loss 1.2799 (1.2468)	Prec@1 51.562 (55.469)
Epoch 16: [234/390]	Time 9.2104	Loss 1.2027 (1.2438)	Prec@1 60.938 (55.522)
Epoch 16: [273/390]	Time 9.2126	Loss 1.1926 (1.2458)	Prec@1 61.719 (55.480)
Epoch 16: [312/390]	Time 9.2107	Loss 1.2986 (1.2487)	Prec@1 55.469 (55.241)
Epoch 16: [351/390]	Time 9.2099	Loss 1.2105 (1.2465)	Prec@1 60.938 (55.329)
Epoch 16: [390/390]	Time 9.2082	Loss 1.2141 (1.2448)	Prec@1 55.469 (55.367)
 * Prec@1 56.741
Epoch 17: [39/390]	Time 9.3107	Loss 1.2082 (1.2106)	Prec@1 57.812 (57.051)
Epoch 17: [78/390]	Time 9.2094	Loss 1.2708 (1.2179)	Prec@1 53.125 (56.480)
Epoch 17: [117/390]	Time 9.2115	Loss 1.3752 (1.2246)	Prec@1 52.344 (56.243)
Epoch 17: [156/390]	Time 9.2111	Loss 1.2682 (1.2303)	Prec@1 55.469 (56.125)
Epoch 17: [195/390]	Time 9.2110	Loss 1.1613 (1.2322)	Prec@1 60.156 (56.098)
Epoch 17: [234/390]	Time 9.2100	Loss 1.3621 (1.2341)	Prec@1 52.344 (55.956)
Epoch 17: [273/390]	Time 9.2103	Loss 1.3682 (1.2380)	Prec@1 52.344 (55.835)
Epoch 17: [312/390]	Time 9.2119	Loss 1.2928 (1.2384)	Prec@1 50.000 (55.714)
Epoch 17: [351/390]	Time 9.2114	Loss 1.3888 (1.2395)	Prec@1 55.469 (55.607)
Epoch 17: [390/390]	Time 9.2106	Loss 1.3382 (1.2385)	Prec@1 50.781 (55.575)
 * Prec@1 56.350
Epoch 18: [39/390]	Time 9.2901	Loss 1.1162 (1.2233)	Prec@1 63.281 (56.170)
Epoch 18: [78/390]	Time 9.2106	Loss 1.1476 (1.2335)	Prec@1 58.594 (55.879)
Epoch 18: [117/390]	Time 9.2111	Loss 1.1152 (1.2263)	Prec@1 56.250 (56.016)
Epoch 18: [156/390]	Time 9.2123	Loss 1.2340 (1.2327)	Prec@1 57.812 (55.874)
Epoch 18: [195/390]	Time 9.2107	Loss 1.2671 (1.2335)	Prec@1 53.125 (55.861)
Epoch 18: [234/390]	Time 9.2112	Loss 1.2646 (1.2316)	Prec@1 53.125 (55.936)
Epoch 18: [273/390]	Time 9.2112	Loss 1.2680 (1.2319)	Prec@1 55.469 (55.889)
Epoch 18: [312/390]	Time 9.2116	Loss 1.3289 (1.2309)	Prec@1 51.562 (55.967)
Epoch 18: [351/390]	Time 9.2131	Loss 1.2570 (1.2348)	Prec@1 57.031 (55.771)
Epoch 18: [390/390]	Time 9.2116	Loss 1.0799 (1.2322)	Prec@1 59.375 (55.827)
 * Prec@1 56.721
Epoch 19: [39/390]	Time 9.2794	Loss 1.2816 (1.2324)	Prec@1 57.812 (55.709)
Epoch 19: [78/390]	Time 9.2120	Loss 1.2668 (1.2328)	Prec@1 54.688 (55.539)
Epoch 19: [117/390]	Time 9.2126	Loss 1.1945 (1.2427)	Prec@1 55.469 (55.035)
Epoch 19: [156/390]	Time 9.2122	Loss 1.2710 (1.2372)	Prec@1 51.562 (55.349)
Epoch 19: [195/390]	Time 9.2126	Loss 1.2047 (1.2409)	Prec@1 53.906 (55.184)
Epoch 19: [234/390]	Time 9.2117	Loss 1.4124 (1.2392)	Prec@1 49.219 (55.255)
Epoch 19: [273/390]	Time 9.2116	Loss 1.2584 (1.2386)	Prec@1 57.812 (55.414)
Epoch 19: [312/390]	Time 9.2111	Loss 1.0903 (1.2359)	Prec@1 64.062 (55.596)
Epoch 19: [351/390]	Time 9.2105	Loss 1.3487 (1.2362)	Prec@1 50.000 (55.638)
Epoch 19: [390/390]	Time 9.2097	Loss 1.2125 (1.2362)	Prec@1 53.906 (55.625)
 * Prec@1 56.060
Best Prec@1 56.861
Start Training Next 60 EPOCHs
Epoch 0: [39/390]	Time 9.2994	Loss 1.2510 (1.2100)	Prec@1 53.906 (56.631)
Epoch 0: [78/390]	Time 9.2095	Loss 0.9713 (1.1341)	Prec@1 63.281 (59.545)
Epoch 0: [117/390]	Time 9.2111	Loss 0.8516 (1.0768)	Prec@1 70.312 (61.832)
Epoch 0: [156/390]	Time 9.2118	Loss 0.8785 (1.0296)	Prec@1 67.969 (63.562)
Epoch 0: [195/390]	Time 9.2110	Loss 0.8456 (0.9908)	Prec@1 66.406 (64.884)
Epoch 0: [234/390]	Time 9.2112	Loss 0.9512 (0.9648)	Prec@1 67.969 (65.915)
Epoch 0: [273/390]	Time 9.2124	Loss 0.8670 (0.9460)	Prec@1 71.094 (66.661)
Epoch 0: [312/390]	Time 9.2083	Loss 0.8359 (0.9277)	Prec@1 71.875 (67.293)
Epoch 0: [351/390]	Time 9.2103	Loss 0.7030 (0.9092)	Prec@1 75.000 (67.882)
Epoch 0: [390/390]	Time 9.2089	Loss 0.6979 (0.8977)	Prec@1 75.781 (68.359)
 * Prec@1 71.955
Epoch 1: [39/390]	Time 9.2857	Loss 0.8111 (0.7399)	Prec@1 70.312 (74.299)
Epoch 1: [78/390]	Time 9.2129	Loss 0.6560 (0.7350)	Prec@1 76.562 (74.429)
Epoch 1: [117/390]	Time 9.2129	Loss 0.6952 (0.7298)	Prec@1 68.750 (74.419)
Epoch 1: [156/390]	Time 9.2153	Loss 0.6983 (0.7182)	Prec@1 75.781 (74.790)
Epoch 1: [195/390]	Time 9.2137	Loss 0.6520 (0.7127)	Prec@1 77.344 (74.988)
Epoch 1: [234/390]	Time 9.2142	Loss 0.6703 (0.7066)	Prec@1 76.562 (75.220)
Epoch 1: [273/390]	Time 9.2123	Loss 0.7658 (0.7082)	Prec@1 71.875 (75.043)
Epoch 1: [312/390]	Time 9.2167	Loss 0.5453 (0.7029)	Prec@1 82.031 (75.338)
Epoch 1: [351/390]	Time 9.2123	Loss 0.6939 (0.6959)	Prec@1 75.000 (75.570)
Epoch 1: [390/390]	Time 9.2153	Loss 0.6956 (0.6913)	Prec@1 75.781 (75.709)
 * Prec@1 76.502
Epoch 2: [39/390]	Time 9.2893	Loss 0.5270 (0.6281)	Prec@1 79.688 (77.364)
Epoch 2: [78/390]	Time 9.2155	Loss 0.8605 (0.6402)	Prec@1 71.094 (77.344)
Epoch 2: [117/390]	Time 9.2154	Loss 0.6212 (0.6360)	Prec@1 78.125 (77.531)
Epoch 2: [156/390]	Time 9.2150	Loss 0.5687 (0.6355)	Prec@1 75.000 (77.459)
Epoch 2: [195/390]	Time 9.2203	Loss 0.4782 (0.6295)	Prec@1 80.469 (77.881)
Epoch 2: [234/390]	Time 9.2170	Loss 0.7859 (0.6256)	Prec@1 73.438 (78.062)
Epoch 2: [273/390]	Time 9.2208	Loss 0.7362 (0.6248)	Prec@1 75.781 (78.131)
Epoch 2: [312/390]	Time 9.2222	Loss 0.4561 (0.6203)	Prec@1 85.938 (78.268)
Epoch 2: [351/390]	Time 9.2177	Loss 0.5128 (0.6176)	Prec@1 77.344 (78.385)
Epoch 2: [390/390]	Time 9.2130	Loss 0.6473 (0.6143)	Prec@1 76.562 (78.528)
 * Prec@1 78.435
Epoch 3: [39/390]	Time 9.3073	Loss 0.6360 (0.5829)	Prec@1 77.344 (79.768)
Epoch 3: [78/390]	Time 9.2166	Loss 0.5834 (0.5825)	Prec@1 76.562 (79.677)
Epoch 3: [117/390]	Time 9.2222	Loss 0.6571 (0.5701)	Prec@1 77.344 (79.975)
Epoch 3: [156/390]	Time 9.2136	Loss 0.6290 (0.5700)	Prec@1 78.125 (80.143)
Epoch 3: [195/390]	Time 9.2133	Loss 0.4654 (0.5684)	Prec@1 82.812 (80.353)
Epoch 3: [234/390]	Time 9.2125	Loss 0.6974 (0.5679)	Prec@1 78.906 (80.325)
Epoch 3: [273/390]	Time 9.2131	Loss 0.5109 (0.5669)	Prec@1 78.906 (80.326)
Epoch 3: [312/390]	Time 9.2129	Loss 0.5537 (0.5666)	Prec@1 82.031 (80.396)
Epoch 3: [351/390]	Time 9.2126	Loss 0.6694 (0.5632)	Prec@1 77.344 (80.487)
Epoch 3: [390/390]	Time 9.2135	Loss 0.4911 (0.5643)	Prec@1 84.375 (80.445)
 * Prec@1 79.417
Epoch 4: [39/390]	Time 9.3057	Loss 0.7101 (0.5450)	Prec@1 73.438 (80.649)
Epoch 4: [78/390]	Time 9.2131	Loss 0.5207 (0.5341)	Prec@1 78.906 (81.030)
Epoch 4: [117/390]	Time 9.2129	Loss 0.5905 (0.5383)	Prec@1 75.000 (80.796)
Epoch 4: [156/390]	Time 9.2130	Loss 0.4046 (0.5349)	Prec@1 84.375 (81.000)
Epoch 4: [195/390]	Time 9.2133	Loss 0.4553 (0.5315)	Prec@1 83.594 (81.198)
Epoch 4: [234/390]	Time 9.2135	Loss 0.4631 (0.5351)	Prec@1 83.594 (81.090)
Epoch 4: [273/390]	Time 9.2117	Loss 0.5465 (0.5357)	Prec@1 80.469 (81.210)
Epoch 4: [312/390]	Time 9.2132	Loss 0.5348 (0.5349)	Prec@1 82.031 (81.232)
Epoch 4: [351/390]	Time 9.2121	Loss 0.6350 (0.5331)	Prec@1 79.688 (81.328)
Epoch 4: [390/390]	Time 9.2084	Loss 0.5546 (0.5291)	Prec@1 81.250 (81.448)
 * Prec@1 80.729
Epoch 5: [39/390]	Time 9.3104	Loss 0.3996 (0.5029)	Prec@1 87.500 (82.512)
Epoch 5: [78/390]	Time 9.2144	Loss 0.3809 (0.4891)	Prec@1 88.281 (82.913)
Epoch 5: [117/390]	Time 9.2127	Loss 0.4296 (0.4891)	Prec@1 83.594 (82.939)
Epoch 5: [156/390]	Time 9.2119	Loss 0.4837 (0.4936)	Prec@1 82.031 (82.782)
Epoch 5: [195/390]	Time 9.2119	Loss 0.3960 (0.4970)	Prec@1 86.719 (82.588)
Epoch 5: [234/390]	Time 9.2117	Loss 0.4459 (0.4996)	Prec@1 85.156 (82.482)
Epoch 5: [273/390]	Time 9.2127	Loss 0.5179 (0.4987)	Prec@1 82.812 (82.446)
Epoch 5: [312/390]	Time 9.2121	Loss 0.4074 (0.4994)	Prec@1 83.594 (82.419)
Epoch 5: [351/390]	Time 9.2133	Loss 0.4488 (0.4984)	Prec@1 84.375 (82.501)
Epoch 5: [390/390]	Time 9.2113	Loss 0.3862 (0.4976)	Prec@1 89.062 (82.524)
 * Prec@1 81.881
Epoch 6: [39/390]	Time 9.2986	Loss 0.5141 (0.4770)	Prec@1 83.594 (83.093)
Epoch 6: [78/390]	Time 9.2122	Loss 0.4224 (0.4853)	Prec@1 82.812 (82.772)
Epoch 6: [117/390]	Time 9.2136	Loss 0.4655 (0.4876)	Prec@1 78.125 (82.646)
Epoch 6: [156/390]	Time 9.2124	Loss 0.5601 (0.4820)	Prec@1 78.906 (83.013)
Epoch 6: [195/390]	Time 9.2124	Loss 0.5497 (0.4811)	Prec@1 79.688 (83.129)
Epoch 6: [234/390]	Time 9.2145	Loss 0.5384 (0.4791)	Prec@1 85.938 (83.283)
Epoch 6: [273/390]	Time 9.2164	Loss 0.4793 (0.4786)	Prec@1 82.812 (83.330)
Epoch 6: [312/390]	Time 9.2186	Loss 0.3776 (0.4791)	Prec@1 85.938 (83.331)
Epoch 6: [351/390]	Time 9.2114	Loss 0.4130 (0.4755)	Prec@1 83.594 (83.487)
Epoch 6: [390/390]	Time 9.2120	Loss 0.5710 (0.4747)	Prec@1 80.469 (83.518)
 * Prec@1 82.131
Epoch 7: [39/390]	Time 9.3080	Loss 0.4269 (0.4274)	Prec@1 85.156 (84.976)
Epoch 7: [78/390]	Time 9.2116	Loss 0.5008 (0.4466)	Prec@1 88.281 (84.425)
Epoch 7: [117/390]	Time 9.2142	Loss 0.4388 (0.4530)	Prec@1 85.156 (84.121)
Epoch 7: [156/390]	Time 9.2117	Loss 0.4818 (0.4470)	Prec@1 84.375 (84.375)
Epoch 7: [195/390]	Time 9.2174	Loss 0.3408 (0.4470)	Prec@1 89.062 (84.295)
Epoch 7: [234/390]	Time 9.2119	Loss 0.4174 (0.4493)	Prec@1 85.938 (84.211)
Epoch 7: [273/390]	Time 9.2119	Loss 0.5812 (0.4516)	Prec@1 79.688 (84.163)
Epoch 7: [312/390]	Time 9.2109	Loss 0.5656 (0.4528)	Prec@1 82.812 (84.197)
Epoch 7: [351/390]	Time 9.2141	Loss 0.3185 (0.4550)	Prec@1 85.938 (84.112)
Epoch 7: [390/390]	Time 9.2124	Loss 0.3846 (0.4547)	Prec@1 86.719 (84.091)
 * Prec@1 82.362
Epoch 8: [39/390]	Time 9.3198	Loss 0.3432 (0.4156)	Prec@1 85.938 (85.417)
Epoch 8: [78/390]	Time 9.2113	Loss 0.3833 (0.4272)	Prec@1 88.281 (85.457)
Epoch 8: [117/390]	Time 9.2109	Loss 0.4020 (0.4248)	Prec@1 86.719 (85.323)
Epoch 8: [156/390]	Time 9.2142	Loss 0.4320 (0.4308)	Prec@1 85.156 (85.136)
Epoch 8: [195/390]	Time 9.2167	Loss 0.4088 (0.4306)	Prec@1 85.938 (85.084)
Epoch 8: [234/390]	Time 9.2120	Loss 0.6423 (0.4331)	Prec@1 78.906 (85.043)
Epoch 8: [273/390]	Time 9.2121	Loss 0.5350 (0.4312)	Prec@1 82.812 (85.099)
Epoch 8: [312/390]	Time 9.2153	Loss 0.3643 (0.4293)	Prec@1 85.156 (85.139)
Epoch 8: [351/390]	Time 9.2110	Loss 0.4108 (0.4298)	Prec@1 84.375 (85.118)
Epoch 8: [390/390]	Time 9.2095	Loss 0.3770 (0.4308)	Prec@1 85.938 (85.094)
 * Prec@1 83.183
Epoch 9: [39/390]	Time 9.2896	Loss 0.3008 (0.4221)	Prec@1 91.406 (85.317)
Epoch 9: [78/390]	Time 9.2111	Loss 0.4605 (0.4165)	Prec@1 83.594 (85.727)
Epoch 9: [117/390]	Time 9.2129	Loss 0.5225 (0.4160)	Prec@1 83.594 (85.690)
Epoch 9: [156/390]	Time 9.2109	Loss 0.3524 (0.4209)	Prec@1 86.719 (85.452)
Epoch 9: [195/390]	Time 9.2129	Loss 0.4765 (0.4246)	Prec@1 79.688 (85.284)
Epoch 9: [234/390]	Time 9.2126	Loss 0.3641 (0.4208)	Prec@1 87.500 (85.350)
Epoch 9: [273/390]	Time 9.2118	Loss 0.3537 (0.4177)	Prec@1 87.500 (85.460)
Epoch 9: [312/390]	Time 9.2132	Loss 0.3215 (0.4190)	Prec@1 91.406 (85.402)
Epoch 9: [351/390]	Time 9.2123	Loss 0.4434 (0.4191)	Prec@1 83.594 (85.345)
Epoch 9: [390/390]	Time 9.2100	Loss 0.3739 (0.4185)	Prec@1 87.500 (85.403)
 * Prec@1 82.863
Epoch 10: [39/390]	Time 9.3135	Loss 0.2360 (0.3976)	Prec@1 92.188 (86.799)
Epoch 10: [78/390]	Time 9.2127	Loss 0.4327 (0.4066)	Prec@1 86.719 (86.258)
Epoch 10: [117/390]	Time 9.2104	Loss 0.4741 (0.4035)	Prec@1 81.250 (86.225)
Epoch 10: [156/390]	Time 9.2092	Loss 0.3682 (0.4029)	Prec@1 85.938 (86.148)
Epoch 10: [195/390]	Time 9.2109	Loss 0.3215 (0.4028)	Prec@1 88.281 (86.170)
Epoch 10: [234/390]	Time 9.2120	Loss 0.3953 (0.4022)	Prec@1 84.375 (86.121)
Epoch 10: [273/390]	Time 9.2122	Loss 0.3885 (0.4012)	Prec@1 85.156 (86.178)
Epoch 10: [312/390]	Time 9.2097	Loss 0.2834 (0.4021)	Prec@1 90.625 (86.138)
Epoch 10: [351/390]	Time 9.2099	Loss 0.4604 (0.4032)	Prec@1 85.938 (86.102)
Epoch 10: [390/390]	Time 9.2095	Loss 0.3564 (0.4043)	Prec@1 86.719 (86.030)
 * Prec@1 83.914
Epoch 11: [39/390]	Time 9.3135	Loss 0.4174 (0.3956)	Prec@1 84.375 (85.938)
Epoch 11: [78/390]	Time 9.2110	Loss 0.4259 (0.3946)	Prec@1 85.156 (86.248)
Epoch 11: [117/390]	Time 9.2107	Loss 0.4234 (0.3933)	Prec@1 82.031 (86.251)
Epoch 11: [156/390]	Time 9.2110	Loss 0.4904 (0.3969)	Prec@1 82.031 (86.023)
Epoch 11: [195/390]	Time 9.2113	Loss 0.4690 (0.3963)	Prec@1 85.938 (86.098)
Epoch 11: [234/390]	Time 9.2094	Loss 0.3282 (0.3979)	Prec@1 87.500 (86.018)
Epoch 11: [273/390]	Time 9.2112	Loss 0.4585 (0.3981)	Prec@1 82.031 (86.018)
Epoch 11: [312/390]	Time 9.2115	Loss 0.5017 (0.3978)	Prec@1 76.562 (86.060)
Epoch 11: [351/390]	Time 9.2125	Loss 0.3961 (0.3989)	Prec@1 85.938 (86.049)
Epoch 11: [390/390]	Time 9.2093	Loss 0.5314 (0.3986)	Prec@1 79.688 (86.050)
 * Prec@1 84.245
Epoch 12: [39/390]	Time 9.2997	Loss 0.4879 (0.3976)	Prec@1 82.812 (86.619)
Epoch 12: [78/390]	Time 9.2107	Loss 0.4458 (0.3894)	Prec@1 80.469 (86.418)
Epoch 12: [117/390]	Time 9.2129	Loss 0.5298 (0.3927)	Prec@1 81.250 (86.198)
Epoch 12: [156/390]	Time 9.2123	Loss 0.3464 (0.3908)	Prec@1 89.062 (86.348)
Epoch 12: [195/390]	Time 9.2119	Loss 0.3234 (0.3844)	Prec@1 85.938 (86.550)
Epoch 12: [234/390]	Time 9.2115	Loss 0.3222 (0.3815)	Prec@1 87.500 (86.645)
Epoch 12: [273/390]	Time 9.2122	Loss 0.3123 (0.3812)	Prec@1 88.281 (86.722)
Epoch 12: [312/390]	Time 9.2120	Loss 0.5391 (0.3809)	Prec@1 83.594 (86.759)
Epoch 12: [351/390]	Time 9.2113	Loss 0.4174 (0.3811)	Prec@1 85.938 (86.743)
Epoch 12: [390/390]	Time 9.2112	Loss 0.2983 (0.3796)	Prec@1 89.062 (86.851)
 * Prec@1 83.594
Epoch 13: [39/390]	Time 9.3207	Loss 0.4070 (0.3655)	Prec@1 83.594 (87.159)
Epoch 13: [78/390]	Time 9.2118	Loss 0.4036 (0.3724)	Prec@1 87.500 (86.919)
Epoch 13: [117/390]	Time 9.2135	Loss 0.3509 (0.3759)	Prec@1 88.281 (86.712)
Epoch 13: [156/390]	Time 9.2106	Loss 0.3178 (0.3721)	Prec@1 89.062 (86.959)
Epoch 13: [195/390]	Time 9.2140	Loss 0.3202 (0.3729)	Prec@1 90.625 (86.839)
Epoch 13: [234/390]	Time 9.2115	Loss 0.4021 (0.3703)	Prec@1 83.594 (86.932)
Epoch 13: [273/390]	Time 9.2129	Loss 0.4322 (0.3739)	Prec@1 89.062 (86.916)
Epoch 13: [312/390]	Time 9.2115	Loss 0.3657 (0.3715)	Prec@1 86.719 (87.059)
Epoch 13: [351/390]	Time 9.2130	Loss 0.3298 (0.3727)	Prec@1 86.719 (86.977)
Epoch 13: [390/390]	Time 9.2133	Loss 0.5189 (0.3722)	Prec@1 81.250 (86.989)
 * Prec@1 84.956
Epoch 14: [39/390]	Time 9.3003	Loss 0.4722 (0.3492)	Prec@1 82.812 (88.001)
Epoch 14: [78/390]	Time 9.2127	Loss 0.3306 (0.3553)	Prec@1 87.500 (87.780)
Epoch 14: [117/390]	Time 9.2138	Loss 0.4493 (0.3605)	Prec@1 84.375 (87.413)
Epoch 14: [156/390]	Time 9.2126	Loss 0.3639 (0.3598)	Prec@1 85.938 (87.375)
Epoch 14: [195/390]	Time 9.2129	Loss 0.3427 (0.3593)	Prec@1 87.500 (87.304)
Epoch 14: [234/390]	Time 9.2129	Loss 0.3200 (0.3608)	Prec@1 88.281 (87.346)
Epoch 14: [273/390]	Time 9.2150	Loss 0.3337 (0.3624)	Prec@1 84.375 (87.285)
Epoch 14: [312/390]	Time 9.2138	Loss 0.4209 (0.3626)	Prec@1 83.594 (87.270)
Epoch 14: [351/390]	Time 9.2126	Loss 0.4687 (0.3631)	Prec@1 84.375 (87.264)
Epoch 14: [390/390]	Time 9.2127	Loss 0.4341 (0.3616)	Prec@1 84.375 (87.328)
 * Prec@1 83.984
Epoch 15: [39/390]	Time 9.3192	Loss 0.3602 (0.3477)	Prec@1 84.375 (87.500)
Epoch 15: [78/390]	Time 9.2121	Loss 0.3936 (0.3416)	Prec@1 83.594 (87.760)
Epoch 15: [117/390]	Time 9.2129	Loss 0.3616 (0.3486)	Prec@1 88.281 (87.660)
Epoch 15: [156/390]	Time 9.2133	Loss 0.3392 (0.3505)	Prec@1 88.281 (87.730)
Epoch 15: [195/390]	Time 9.2117	Loss 0.4401 (0.3509)	Prec@1 88.281 (87.841)
Epoch 15: [234/390]	Time 9.2124	Loss 0.4081 (0.3530)	Prec@1 86.719 (87.724)
Epoch 15: [273/390]	Time 9.2128	Loss 0.3297 (0.3514)	Prec@1 89.844 (87.723)
Epoch 15: [312/390]	Time 9.2138	Loss 0.3224 (0.3521)	Prec@1 85.938 (87.750)
Epoch 15: [351/390]	Time 9.2122	Loss 0.3463 (0.3531)	Prec@1 91.406 (87.667)
Epoch 15: [390/390]	Time 9.2090	Loss 0.4344 (0.3539)	Prec@1 84.375 (87.620)
 * Prec@1 84.615
Epoch 16: [39/390]	Time 9.3071	Loss 0.3486 (0.3241)	Prec@1 89.062 (88.702)
Epoch 16: [78/390]	Time 9.2118	Loss 0.2575 (0.3361)	Prec@1 92.969 (88.361)
Epoch 16: [117/390]	Time 9.2123	Loss 0.4082 (0.3413)	Prec@1 88.281 (88.061)
Epoch 16: [156/390]	Time 9.2126	Loss 0.2745 (0.3413)	Prec@1 89.844 (88.011)
Epoch 16: [195/390]	Time 9.2127	Loss 0.4507 (0.3423)	Prec@1 86.719 (88.073)
Epoch 16: [234/390]	Time 9.2134	Loss 0.3960 (0.3408)	Prec@1 85.938 (88.144)
Epoch 16: [273/390]	Time 9.2130	Loss 0.3564 (0.3404)	Prec@1 89.062 (88.155)
Epoch 16: [312/390]	Time 9.2118	Loss 0.3000 (0.3430)	Prec@1 92.969 (88.113)
Epoch 16: [351/390]	Time 9.2123	Loss 0.3240 (0.3420)	Prec@1 90.625 (88.166)
Epoch 16: [390/390]	Time 9.2128	Loss 0.4329 (0.3420)	Prec@1 82.812 (88.143)
 * Prec@1 85.337
Epoch 17: [39/390]	Time 9.3133	Loss 0.3157 (0.3362)	Prec@1 88.281 (88.081)
Epoch 17: [78/390]	Time 9.2127	Loss 0.3905 (0.3339)	Prec@1 88.281 (88.492)
Epoch 17: [117/390]	Time 9.2128	Loss 0.2921 (0.3332)	Prec@1 88.281 (88.421)
Epoch 17: [156/390]	Time 9.2129	Loss 0.2885 (0.3315)	Prec@1 89.844 (88.406)
Epoch 17: [195/390]	Time 9.2120	Loss 0.3301 (0.3330)	Prec@1 87.500 (88.337)
Epoch 17: [234/390]	Time 9.2144	Loss 0.3644 (0.3344)	Prec@1 87.500 (88.281)
Epoch 17: [273/390]	Time 9.2117	Loss 0.4014 (0.3360)	Prec@1 89.844 (88.273)
Epoch 17: [312/390]	Time 9.2125	Loss 0.2891 (0.3360)	Prec@1 89.844 (88.264)
Epoch 17: [351/390]	Time 9.2116	Loss 0.3153 (0.3371)	Prec@1 92.188 (88.181)
Epoch 17: [390/390]	Time 9.2098	Loss 0.3431 (0.3370)	Prec@1 86.719 (88.149)
 * Prec@1 85.317
Epoch 18: [39/390]	Time 9.3144	Loss 0.4224 (0.3236)	Prec@1 84.375 (88.321)
Epoch 18: [78/390]	Time 9.2121	Loss 0.4348 (0.3183)	Prec@1 86.719 (88.582)
Epoch 18: [117/390]	Time 9.2130	Loss 0.4221 (0.3217)	Prec@1 85.938 (88.608)
Epoch 18: [156/390]	Time 9.2127	Loss 0.4186 (0.3244)	Prec@1 86.719 (88.502)
Epoch 18: [195/390]	Time 9.2122	Loss 0.3846 (0.3291)	Prec@1 87.500 (88.353)
Epoch 18: [234/390]	Time 9.2118	Loss 0.3857 (0.3287)	Prec@1 87.500 (88.375)
Epoch 18: [273/390]	Time 9.2113	Loss 0.4063 (0.3309)	Prec@1 85.156 (88.336)
Epoch 18: [312/390]	Time 9.2114	Loss 0.2227 (0.3276)	Prec@1 90.625 (88.459)
Epoch 18: [351/390]	Time 9.2141	Loss 0.3601 (0.3274)	Prec@1 89.844 (88.531)
Epoch 18: [390/390]	Time 9.2098	Loss 0.4653 (0.3278)	Prec@1 85.938 (88.518)
 * Prec@1 86.048
Epoch 19: [39/390]	Time 9.3085	Loss 0.4461 (0.3181)	Prec@1 85.156 (89.163)
Epoch 19: [78/390]	Time 9.2125	Loss 0.3359 (0.3197)	Prec@1 87.500 (88.692)
Epoch 19: [117/390]	Time 9.2112	Loss 0.3377 (0.3131)	Prec@1 87.500 (88.862)
Epoch 19: [156/390]	Time 9.2108	Loss 0.2861 (0.3108)	Prec@1 92.188 (88.997)
Epoch 19: [195/390]	Time 9.2098	Loss 0.2623 (0.3105)	Prec@1 88.281 (89.010)
Epoch 19: [234/390]	Time 9.2122	Loss 0.2183 (0.3117)	Prec@1 94.531 (89.016)
Epoch 19: [273/390]	Time 9.2128	Loss 0.4416 (0.3131)	Prec@1 84.375 (88.954)
Epoch 19: [312/390]	Time 9.2120	Loss 0.4318 (0.3121)	Prec@1 85.156 (89.007)
Epoch 19: [351/390]	Time 9.2141	Loss 0.4088 (0.3123)	Prec@1 82.031 (88.938)
Epoch 19: [390/390]	Time 9.2101	Loss 0.3743 (0.3126)	Prec@1 89.844 (88.946)
 * Prec@1 85.317
Epoch 20: [39/390]	Time 9.2786	Loss 0.2683 (0.3161)	Prec@1 89.844 (89.123)
Epoch 20: [78/390]	Time 9.2127	Loss 0.1947 (0.3119)	Prec@1 92.969 (89.283)
Epoch 20: [117/390]	Time 9.2113	Loss 0.3830 (0.3085)	Prec@1 86.719 (89.356)
Epoch 20: [156/390]	Time 9.2149	Loss 0.4416 (0.3105)	Prec@1 89.062 (89.178)
Epoch 20: [195/390]	Time 9.2117	Loss 0.3482 (0.3133)	Prec@1 88.281 (89.062)
Epoch 20: [234/390]	Time 9.2126	Loss 0.2513 (0.3124)	Prec@1 93.750 (89.103)
Epoch 20: [273/390]	Time 9.2131	Loss 0.4865 (0.3157)	Prec@1 85.156 (89.020)
Epoch 20: [312/390]	Time 9.2114	Loss 0.3325 (0.3147)	Prec@1 85.938 (89.062)
Epoch 20: [351/390]	Time 9.2123	Loss 0.2946 (0.3136)	Prec@1 89.844 (89.089)
Epoch 20: [390/390]	Time 9.2105	Loss 0.3276 (0.3150)	Prec@1 88.281 (88.978)
 * Prec@1 85.617
Epoch 21: [39/390]	Time 9.2800	Loss 0.3389 (0.3155)	Prec@1 88.281 (88.742)
Epoch 21: [78/390]	Time 9.2118	Loss 0.3642 (0.2992)	Prec@1 84.375 (89.443)
Epoch 21: [117/390]	Time 9.2134	Loss 0.3108 (0.3036)	Prec@1 89.062 (89.223)
Epoch 21: [156/390]	Time 9.2130	Loss 0.3248 (0.3022)	Prec@1 88.281 (89.423)
Epoch 21: [195/390]	Time 9.2124	Loss 0.3407 (0.3012)	Prec@1 86.719 (89.399)
Epoch 21: [234/390]	Time 9.2117	Loss 0.2919 (0.3044)	Prec@1 89.844 (89.266)
Epoch 21: [273/390]	Time 9.2135	Loss 0.3070 (0.3025)	Prec@1 87.500 (89.314)
Epoch 21: [312/390]	Time 9.2144	Loss 0.2700 (0.3050)	Prec@1 88.281 (89.250)
Epoch 21: [351/390]	Time 9.2149	Loss 0.3083 (0.3053)	Prec@1 91.406 (89.252)
Epoch 21: [390/390]	Time 9.2130	Loss 0.2056 (0.3044)	Prec@1 95.312 (89.305)
 * Prec@1 86.088
Epoch 22: [39/390]	Time 9.3173	Loss 0.2434 (0.2889)	Prec@1 92.188 (89.964)
Epoch 22: [78/390]	Time 9.2121	Loss 0.3951 (0.2886)	Prec@1 85.156 (89.613)
Epoch 22: [117/390]	Time 9.2129	Loss 0.3827 (0.2932)	Prec@1 85.938 (89.610)
Epoch 22: [156/390]	Time 9.2150	Loss 0.2542 (0.2927)	Prec@1 91.406 (89.709)
Epoch 22: [195/390]	Time 9.2130	Loss 0.3084 (0.2918)	Prec@1 90.625 (89.748)
Epoch 22: [234/390]	Time 9.2129	Loss 0.3268 (0.2955)	Prec@1 89.844 (89.600)
Epoch 22: [273/390]	Time 9.2140	Loss 0.2600 (0.2971)	Prec@1 90.625 (89.552)
Epoch 22: [312/390]	Time 9.2117	Loss 0.2100 (0.2994)	Prec@1 92.969 (89.476)
Epoch 22: [351/390]	Time 9.2117	Loss 0.2445 (0.2999)	Prec@1 90.625 (89.448)
Epoch 22: [390/390]	Time 9.2118	Loss 0.2436 (0.3007)	Prec@1 92.188 (89.403)
 * Prec@1 85.948
Epoch 23: [39/390]	Time 9.2961	Loss 0.2162 (0.2710)	Prec@1 92.188 (90.304)
Epoch 23: [78/390]	Time 9.2124	Loss 0.3720 (0.2786)	Prec@1 88.281 (90.365)
Epoch 23: [117/390]	Time 9.2114	Loss 0.4141 (0.2866)	Prec@1 85.156 (89.991)
Epoch 23: [156/390]	Time 9.2107	Loss 0.2803 (0.2891)	Prec@1 89.062 (89.889)
Epoch 23: [195/390]	Time 9.2126	Loss 0.2709 (0.2923)	Prec@1 89.062 (89.788)
Epoch 23: [234/390]	Time 9.2147	Loss 0.1418 (0.2897)	Prec@1 96.875 (89.934)
Epoch 23: [273/390]	Time 9.2130	Loss 0.4390 (0.2921)	Prec@1 85.156 (89.824)
Epoch 23: [312/390]	Time 9.2132	Loss 0.3790 (0.2952)	Prec@1 84.375 (89.668)
Epoch 23: [351/390]	Time 9.2136	Loss 0.2363 (0.2952)	Prec@1 92.969 (89.652)
Epoch 23: [390/390]	Time 9.2103	Loss 0.3311 (0.2965)	Prec@1 90.625 (89.591)
 * Prec@1 86.438
Epoch 24: [39/390]	Time 9.2956	Loss 0.3389 (0.2902)	Prec@1 85.938 (89.884)
Epoch 24: [78/390]	Time 9.2120	Loss 0.2393 (0.2850)	Prec@1 92.188 (90.024)
Epoch 24: [117/390]	Time 9.2134	Loss 0.3108 (0.2792)	Prec@1 89.062 (90.144)
Epoch 24: [156/390]	Time 9.2145	Loss 0.3172 (0.2812)	Prec@1 88.281 (90.119)
Epoch 24: [195/390]	Time 9.2148	Loss 0.2212 (0.2822)	Prec@1 92.188 (90.172)
Epoch 24: [234/390]	Time 9.2134	Loss 0.3230 (0.2850)	Prec@1 89.844 (90.081)
Epoch 24: [273/390]	Time 9.2137	Loss 0.2270 (0.2831)	Prec@1 91.406 (90.139)
Epoch 24: [312/390]	Time 9.2130	Loss 0.2806 (0.2838)	Prec@1 88.281 (90.117)
Epoch 24: [351/390]	Time 9.2133	Loss 0.3120 (0.2850)	Prec@1 86.719 (90.066)
Epoch 24: [390/390]	Time 9.2124	Loss 0.2621 (0.2859)	Prec@1 91.406 (90.030)
 * Prec@1 86.208
Epoch 25: [39/390]	Time 9.2873	Loss 0.3271 (0.2876)	Prec@1 87.500 (89.623)
Epoch 25: [78/390]	Time 9.2143	Loss 0.1810 (0.2742)	Prec@1 93.750 (90.335)
Epoch 25: [117/390]	Time 9.2124	Loss 0.2494 (0.2740)	Prec@1 91.406 (90.418)
Epoch 25: [156/390]	Time 9.2136	Loss 0.3821 (0.2771)	Prec@1 87.500 (90.289)
Epoch 25: [195/390]	Time 9.2138	Loss 0.2985 (0.2803)	Prec@1 87.500 (90.224)
Epoch 25: [234/390]	Time 9.2127	Loss 0.2596 (0.2817)	Prec@1 91.406 (90.071)
Epoch 25: [273/390]	Time 9.2120	Loss 0.2905 (0.2809)	Prec@1 89.062 (90.064)
Epoch 25: [312/390]	Time 9.2119	Loss 0.2825 (0.2801)	Prec@1 89.062 (90.099)
Epoch 25: [351/390]	Time 9.2119	Loss 0.3134 (0.2791)	Prec@1 89.062 (90.162)
Epoch 25: [390/390]	Time 9.2100	Loss 0.2619 (0.2792)	Prec@1 89.844 (90.194)
 * Prec@1 86.699
Epoch 26: [39/390]	Time 9.3148	Loss 0.2811 (0.2716)	Prec@1 90.625 (90.605)
Epoch 26: [78/390]	Time 9.2145	Loss 0.2191 (0.2670)	Prec@1 95.312 (90.725)
Epoch 26: [117/390]	Time 9.2122	Loss 0.2810 (0.2656)	Prec@1 89.844 (90.739)
Epoch 26: [156/390]	Time 9.2134	Loss 0.2356 (0.2662)	Prec@1 92.969 (90.765)
Epoch 26: [195/390]	Time 9.2125	Loss 0.2619 (0.2646)	Prec@1 89.844 (90.865)
Epoch 26: [234/390]	Time 9.2115	Loss 0.3316 (0.2671)	Prec@1 87.500 (90.802)
Epoch 26: [273/390]	Time 9.2120	Loss 0.2816 (0.2706)	Prec@1 89.062 (90.682)
Epoch 26: [312/390]	Time 9.2118	Loss 0.2410 (0.2717)	Prec@1 89.844 (90.640)
Epoch 26: [351/390]	Time 9.2122	Loss 0.2552 (0.2738)	Prec@1 91.406 (90.549)
Epoch 26: [390/390]	Time 9.2101	Loss 0.3024 (0.2725)	Prec@1 88.281 (90.577)
 * Prec@1 86.238
Epoch 27: [39/390]	Time 9.3080	Loss 0.2507 (0.2746)	Prec@1 90.625 (90.365)
Epoch 27: [78/390]	Time 9.2123	Loss 0.1618 (0.2624)	Prec@1 94.531 (90.715)
Epoch 27: [117/390]	Time 9.2129	Loss 0.3213 (0.2615)	Prec@1 89.062 (90.665)
Epoch 27: [156/390]	Time 9.2143	Loss 0.2034 (0.2663)	Prec@1 89.062 (90.490)
Epoch 27: [195/390]	Time 9.2110	Loss 0.3368 (0.2664)	Prec@1 87.500 (90.517)
Epoch 27: [234/390]	Time 9.2117	Loss 0.3005 (0.2677)	Prec@1 92.188 (90.488)
Epoch 27: [273/390]	Time 9.2140	Loss 0.2897 (0.2688)	Prec@1 86.719 (90.439)
Epoch 27: [312/390]	Time 9.2138	Loss 0.3974 (0.2685)	Prec@1 86.719 (90.460)
Epoch 27: [351/390]	Time 9.2130	Loss 0.3361 (0.2698)	Prec@1 84.375 (90.365)
Epoch 27: [390/390]	Time 9.2132	Loss 0.3871 (0.2692)	Prec@1 89.062 (90.409)
 * Prec@1 86.959
Epoch 28: [39/390]	Time 9.2861	Loss 0.2397 (0.2519)	Prec@1 89.844 (91.046)
Epoch 28: [78/390]	Time 9.2136	Loss 0.2039 (0.2528)	Prec@1 92.969 (91.056)
Epoch 28: [117/390]	Time 9.2133	Loss 0.2106 (0.2555)	Prec@1 92.969 (90.939)
Epoch 28: [156/390]	Time 9.2121	Loss 0.2495 (0.2556)	Prec@1 90.625 (90.956)
Epoch 28: [195/390]	Time 9.2115	Loss 0.2393 (0.2558)	Prec@1 91.406 (90.962)
Epoch 28: [234/390]	Time 9.2098	Loss 0.2617 (0.2560)	Prec@1 89.062 (90.939)
Epoch 28: [273/390]	Time 9.2124	Loss 0.3043 (0.2562)	Prec@1 89.062 (90.946)
Epoch 28: [312/390]	Time 9.2124	Loss 0.2547 (0.2563)	Prec@1 92.188 (90.998)
Epoch 28: [351/390]	Time 9.2134	Loss 0.2531 (0.2571)	Prec@1 91.406 (90.963)
Epoch 28: [390/390]	Time 9.2098	Loss 0.3712 (0.2586)	Prec@1 88.281 (90.881)
 * Prec@1 86.999
Epoch 29: [39/390]	Time 9.2953	Loss 0.2483 (0.2456)	Prec@1 90.625 (91.787)
Epoch 29: [78/390]	Time 9.2125	Loss 0.1963 (0.2435)	Prec@1 91.406 (91.727)
Epoch 29: [117/390]	Time 9.2138	Loss 0.2498 (0.2452)	Prec@1 90.625 (91.747)
Epoch 29: [156/390]	Time 9.2136	Loss 0.2993 (0.2471)	Prec@1 89.062 (91.572)
Epoch 29: [195/390]	Time 9.2112	Loss 0.2363 (0.2489)	Prec@1 91.406 (91.498)
Epoch 29: [234/390]	Time 9.2147	Loss 0.2450 (0.2527)	Prec@1 90.625 (91.339)
Epoch 29: [273/390]	Time 9.2123	Loss 0.3633 (0.2533)	Prec@1 84.375 (91.366)
Epoch 29: [312/390]	Time 9.2124	Loss 0.3585 (0.2541)	Prec@1 87.500 (91.248)
Epoch 29: [351/390]	Time 9.2102	Loss 0.2778 (0.2545)	Prec@1 88.281 (91.226)
Epoch 29: [390/390]	Time 9.2102	Loss 0.2048 (0.2552)	Prec@1 92.969 (91.212)
 * Prec@1 87.019
Epoch 30: [39/390]	Time 9.3125	Loss 0.2943 (0.2400)	Prec@1 92.188 (91.066)
Epoch 30: [78/390]	Time 9.2114	Loss 0.1691 (0.2286)	Prec@1 94.531 (91.627)
Epoch 30: [117/390]	Time 9.2118	Loss 0.2436 (0.2383)	Prec@1 91.406 (91.333)
Epoch 30: [156/390]	Time 9.2135	Loss 0.2468 (0.2443)	Prec@1 93.750 (91.091)
Epoch 30: [195/390]	Time 9.2132	Loss 0.1891 (0.2433)	Prec@1 96.094 (91.190)
Epoch 30: [234/390]	Time 9.2123	Loss 0.2104 (0.2434)	Prec@1 91.406 (91.196)
Epoch 30: [273/390]	Time 9.2129	Loss 0.2466 (0.2433)	Prec@1 91.406 (91.249)
Epoch 30: [312/390]	Time 9.2114	Loss 0.3069 (0.2447)	Prec@1 89.844 (91.223)
Epoch 30: [351/390]	Time 9.2136	Loss 0.2769 (0.2451)	Prec@1 89.062 (91.226)
Epoch 30: [390/390]	Time 9.2114	Loss 0.2128 (0.2447)	Prec@1 91.406 (91.250)
 * Prec@1 86.999
Epoch 31: [39/390]	Time 9.2904	Loss 0.2469 (0.2276)	Prec@1 92.188 (92.067)
Epoch 31: [78/390]	Time 9.2138	Loss 0.2752 (0.2348)	Prec@1 89.844 (91.667)
Epoch 31: [117/390]	Time 9.2135	Loss 0.2938 (0.2375)	Prec@1 89.844 (91.640)
Epoch 31: [156/390]	Time 9.2142	Loss 0.2165 (0.2375)	Prec@1 92.969 (91.647)
Epoch 31: [195/390]	Time 9.2140	Loss 0.2255 (0.2399)	Prec@1 91.406 (91.659)
Epoch 31: [234/390]	Time 9.2141	Loss 0.3067 (0.2396)	Prec@1 88.281 (91.677)
Epoch 31: [273/390]	Time 9.2130	Loss 0.1541 (0.2396)	Prec@1 95.312 (91.687)
Epoch 31: [312/390]	Time 9.2137	Loss 0.1853 (0.2405)	Prec@1 92.188 (91.617)
Epoch 31: [351/390]	Time 9.2149	Loss 0.2670 (0.2405)	Prec@1 89.844 (91.593)
Epoch 31: [390/390]	Time 9.2110	Loss 0.2485 (0.2415)	Prec@1 92.188 (91.520)
 * Prec@1 87.620
Epoch 32: [39/390]	Time 9.3102	Loss 0.2462 (0.2266)	Prec@1 91.406 (92.107)
Epoch 32: [78/390]	Time 9.2142	Loss 0.2663 (0.2297)	Prec@1 90.625 (91.897)
Epoch 32: [117/390]	Time 9.2147	Loss 0.2493 (0.2280)	Prec@1 92.188 (92.101)
Epoch 32: [156/390]	Time 9.2136	Loss 0.2380 (0.2305)	Prec@1 91.406 (91.947)
Epoch 32: [195/390]	Time 9.2136	Loss 0.3104 (0.2322)	Prec@1 90.625 (91.863)
Epoch 32: [234/390]	Time 9.2132	Loss 0.2641 (0.2317)	Prec@1 89.844 (91.917)
Epoch 32: [273/390]	Time 9.2121	Loss 0.2451 (0.2323)	Prec@1 91.406 (91.876)
Epoch 32: [312/390]	Time 9.2134	Loss 0.2353 (0.2315)	Prec@1 89.844 (91.869)
Epoch 32: [351/390]	Time 9.2117	Loss 0.3321 (0.2321)	Prec@1 87.500 (91.867)
Epoch 32: [390/390]	Time 9.2113	Loss 0.1751 (0.2313)	Prec@1 95.312 (91.839)
 * Prec@1 87.400
Epoch 33: [39/390]	Time 9.2907	Loss 0.1929 (0.2179)	Prec@1 93.750 (92.308)
Epoch 33: [78/390]	Time 9.2153	Loss 0.2249 (0.2241)	Prec@1 90.625 (92.057)
Epoch 33: [117/390]	Time 9.2162	Loss 0.2094 (0.2276)	Prec@1 91.406 (92.021)
Epoch 33: [156/390]	Time 9.2135	Loss 0.2014 (0.2295)	Prec@1 91.406 (91.972)
Epoch 33: [195/390]	Time 9.2126	Loss 0.1621 (0.2297)	Prec@1 94.531 (91.999)
Epoch 33: [234/390]	Time 9.2118	Loss 0.2904 (0.2277)	Prec@1 88.281 (92.034)
Epoch 33: [273/390]	Time 9.2119	Loss 0.1861 (0.2270)	Prec@1 93.750 (92.096)
Epoch 33: [312/390]	Time 9.2139	Loss 0.1148 (0.2256)	Prec@1 96.875 (92.162)
Epoch 33: [351/390]	Time 9.2127	Loss 0.1848 (0.2263)	Prec@1 92.969 (92.167)
Epoch 33: [390/390]	Time 9.2115	Loss 0.2331 (0.2269)	Prec@1 92.188 (92.161)
 * Prec@1 87.320
Epoch 34: [39/390]	Time 9.3161	Loss 0.2075 (0.2229)	Prec@1 92.969 (92.188)
Epoch 34: [78/390]	Time 9.2122	Loss 0.2138 (0.2226)	Prec@1 91.406 (92.047)
Epoch 34: [117/390]	Time 9.2145	Loss 0.1441 (0.2146)	Prec@1 95.312 (92.321)
Epoch 34: [156/390]	Time 9.2148	Loss 0.2029 (0.2106)	Prec@1 94.531 (92.538)
Epoch 34: [195/390]	Time 9.2132	Loss 0.1674 (0.2153)	Prec@1 92.188 (92.308)
Epoch 34: [234/390]	Time 9.2141	Loss 0.1614 (0.2183)	Prec@1 93.750 (92.248)
Epoch 34: [273/390]	Time 9.2134	Loss 0.2316 (0.2195)	Prec@1 92.188 (92.208)
Epoch 34: [312/390]	Time 9.2154	Loss 0.1898 (0.2220)	Prec@1 95.312 (92.188)
Epoch 34: [351/390]	Time 9.2146	Loss 0.2215 (0.2229)	Prec@1 90.625 (92.145)
Epoch 34: [390/390]	Time 9.2127	Loss 0.1842 (0.2242)	Prec@1 91.406 (92.125)
 * Prec@1 87.089
Epoch 35: [39/390]	Time 9.3081	Loss 0.1522 (0.2151)	Prec@1 92.969 (92.308)
Epoch 35: [78/390]	Time 9.2136	Loss 0.2667 (0.2077)	Prec@1 89.062 (92.478)
Epoch 35: [117/390]	Time 9.2125	Loss 0.3205 (0.2057)	Prec@1 90.625 (92.588)
Epoch 35: [156/390]	Time 9.2119	Loss 0.1669 (0.2135)	Prec@1 92.969 (92.378)
Epoch 35: [195/390]	Time 9.2129	Loss 0.2378 (0.2154)	Prec@1 89.062 (92.348)
Epoch 35: [234/390]	Time 9.2138	Loss 0.2865 (0.2143)	Prec@1 91.406 (92.344)
Epoch 35: [273/390]	Time 9.2124	Loss 0.3607 (0.2164)	Prec@1 87.500 (92.285)
Epoch 35: [312/390]	Time 9.2144	Loss 0.2088 (0.2164)	Prec@1 92.969 (92.313)
Epoch 35: [351/390]	Time 9.2140	Loss 0.2112 (0.2175)	Prec@1 93.750 (92.261)
Epoch 35: [390/390]	Time 9.2115	Loss 0.2138 (0.2184)	Prec@1 90.625 (92.268)
 * Prec@1 87.250
Epoch 36: [39/390]	Time 9.3024	Loss 0.1163 (0.1890)	Prec@1 96.094 (93.269)
Epoch 36: [78/390]	Time 9.2163	Loss 0.2355 (0.2027)	Prec@1 90.625 (92.778)
Epoch 36: [117/390]	Time 9.2135	Loss 0.2656 (0.2123)	Prec@1 88.281 (92.515)
Epoch 36: [156/390]	Time 9.2152	Loss 0.1872 (0.2120)	Prec@1 93.750 (92.533)
Epoch 36: [195/390]	Time 9.2138	Loss 0.1835 (0.2147)	Prec@1 92.969 (92.428)
Epoch 36: [234/390]	Time 9.2139	Loss 0.2709 (0.2121)	Prec@1 89.844 (92.471)
Epoch 36: [273/390]	Time 9.2148	Loss 0.0836 (0.2118)	Prec@1 98.438 (92.494)
Epoch 36: [312/390]	Time 9.2159	Loss 0.2116 (0.2113)	Prec@1 91.406 (92.541)
Epoch 36: [351/390]	Time 9.2129	Loss 0.2470 (0.2123)	Prec@1 92.969 (92.499)
Epoch 36: [390/390]	Time 9.2104	Loss 0.1863 (0.2112)	Prec@1 92.969 (92.528)
 * Prec@1 87.690
Epoch 37: [39/390]	Time 9.3087	Loss 0.1236 (0.1942)	Prec@1 95.312 (92.869)
Epoch 37: [78/390]	Time 9.2113	Loss 0.1772 (0.1950)	Prec@1 92.969 (93.049)
Epoch 37: [117/390]	Time 9.2128	Loss 0.1361 (0.2000)	Prec@1 94.531 (92.889)
Epoch 37: [156/390]	Time 9.2130	Loss 0.1852 (0.2008)	Prec@1 92.969 (92.889)
Epoch 37: [195/390]	Time 9.2129	Loss 0.1754 (0.2030)	Prec@1 93.750 (92.821)
Epoch 37: [234/390]	Time 9.2120	Loss 0.2989 (0.2035)	Prec@1 87.500 (92.832)
Epoch 37: [273/390]	Time 9.2109	Loss 0.1832 (0.2035)	Prec@1 93.750 (92.766)
Epoch 37: [312/390]	Time 9.2126	Loss 0.2131 (0.2051)	Prec@1 91.406 (92.703)
Epoch 37: [351/390]	Time 9.2122	Loss 0.2735 (0.2049)	Prec@1 91.406 (92.722)
Epoch 37: [390/390]	Time 9.2109	Loss 0.1510 (0.2046)	Prec@1 94.531 (92.752)
 * Prec@1 88.201
Epoch 38: [39/390]	Time 9.3029	Loss 0.2026 (0.1745)	Prec@1 92.188 (93.730)
Epoch 38: [78/390]	Time 9.2110	Loss 0.1845 (0.1881)	Prec@1 92.188 (93.299)
Epoch 38: [117/390]	Time 9.2129	Loss 0.2288 (0.1922)	Prec@1 92.969 (93.323)
Epoch 38: [156/390]	Time 9.2132	Loss 0.1580 (0.1950)	Prec@1 95.312 (93.199)
Epoch 38: [195/390]	Time 9.2120	Loss 0.2608 (0.1964)	Prec@1 91.406 (93.097)
Epoch 38: [234/390]	Time 9.2131	Loss 0.3246 (0.1961)	Prec@1 90.625 (93.116)
Epoch 38: [273/390]	Time 9.2142	Loss 0.2502 (0.1957)	Prec@1 89.844 (93.106)
Epoch 38: [312/390]	Time 9.2142	Loss 0.2328 (0.1961)	Prec@1 90.625 (93.101)
Epoch 38: [351/390]	Time 9.2123	Loss 0.1890 (0.1981)	Prec@1 92.969 (93.004)
Epoch 38: [390/390]	Time 9.2132	Loss 0.2043 (0.1990)	Prec@1 92.188 (92.981)
 * Prec@1 87.770
Epoch 39: [39/390]	Time 9.2861	Loss 0.2036 (0.2075)	Prec@1 91.406 (92.528)
Epoch 39: [78/390]	Time 9.2128	Loss 0.0968 (0.1888)	Prec@1 97.656 (93.149)
Epoch 39: [117/390]	Time 9.2133	Loss 0.2022 (0.1907)	Prec@1 92.188 (93.109)
Epoch 39: [156/390]	Time 9.2124	Loss 0.1189 (0.1899)	Prec@1 96.875 (93.174)
Epoch 39: [195/390]	Time 9.2133	Loss 0.2958 (0.1920)	Prec@1 86.719 (93.033)
Epoch 39: [234/390]	Time 9.2138	Loss 0.1602 (0.1913)	Prec@1 92.188 (93.096)
Epoch 39: [273/390]	Time 9.2129	Loss 0.1906 (0.1900)	Prec@1 96.875 (93.129)
Epoch 39: [312/390]	Time 9.2137	Loss 0.1317 (0.1907)	Prec@1 95.312 (93.119)
Epoch 39: [351/390]	Time 9.2134	Loss 0.1234 (0.1908)	Prec@1 96.875 (93.109)
Epoch 39: [390/390]	Time 9.2138	Loss 0.3058 (0.1921)	Prec@1 89.062 (93.109)
 * Prec@1 88.932
Epoch 40: [39/390]	Time 9.3204	Loss 0.1709 (0.1682)	Prec@1 93.750 (94.010)
Epoch 40: [78/390]	Time 9.2137	Loss 0.1596 (0.1770)	Prec@1 94.531 (93.530)
Epoch 40: [117/390]	Time 9.2127	Loss 0.2236 (0.1817)	Prec@1 91.406 (93.456)
Epoch 40: [156/390]	Time 9.2116	Loss 0.3182 (0.1839)	Prec@1 89.062 (93.394)
Epoch 40: [195/390]	Time 9.2117	Loss 0.1930 (0.1841)	Prec@1 90.625 (93.301)
Epoch 40: [234/390]	Time 9.2103	Loss 0.0962 (0.1832)	Prec@1 98.438 (93.409)
Epoch 40: [273/390]	Time 9.2108	Loss 0.1669 (0.1838)	Prec@1 93.750 (93.395)
Epoch 40: [312/390]	Time 9.2116	Loss 0.2988 (0.1853)	Prec@1 90.625 (93.317)
Epoch 40: [351/390]	Time 9.2128	Loss 0.2559 (0.1862)	Prec@1 91.406 (93.329)
Epoch 40: [390/390]	Time 9.2108	Loss 0.2144 (0.1860)	Prec@1 93.750 (93.335)
 * Prec@1 88.532
Epoch 41: [39/390]	Time 9.2926	Loss 0.2125 (0.1709)	Prec@1 93.750 (94.311)
Epoch 41: [78/390]	Time 9.2143	Loss 0.0938 (0.1797)	Prec@1 97.656 (93.900)
Epoch 41: [117/390]	Time 9.2121	Loss 0.2499 (0.1765)	Prec@1 90.625 (93.930)
Epoch 41: [156/390]	Time 9.2125	Loss 0.1991 (0.1788)	Prec@1 92.188 (93.845)
Epoch 41: [195/390]	Time 9.2124	Loss 0.2227 (0.1806)	Prec@1 91.406 (93.758)
Epoch 41: [234/390]	Time 9.2117	Loss 0.1097 (0.1812)	Prec@1 96.875 (93.690)
Epoch 41: [273/390]	Time 9.2115	Loss 0.1535 (0.1794)	Prec@1 94.531 (93.730)
Epoch 41: [312/390]	Time 9.2123	Loss 0.2850 (0.1812)	Prec@1 88.281 (93.637)
Epoch 41: [351/390]	Time 9.2131	Loss 0.1828 (0.1827)	Prec@1 94.531 (93.601)
Epoch 41: [390/390]	Time 9.2103	Loss 0.1559 (0.1821)	Prec@1 93.750 (93.610)
 * Prec@1 88.291
Epoch 42: [39/390]	Time 9.3149	Loss 0.1250 (0.1747)	Prec@1 96.875 (93.850)
Epoch 42: [78/390]	Time 9.2121	Loss 0.2500 (0.1744)	Prec@1 93.750 (93.840)
Epoch 42: [117/390]	Time 9.2131	Loss 0.1653 (0.1785)	Prec@1 92.969 (93.683)
Epoch 42: [156/390]	Time 9.2117	Loss 0.1544 (0.1789)	Prec@1 92.969 (93.700)
Epoch 42: [195/390]	Time 9.2133	Loss 0.2313 (0.1802)	Prec@1 92.969 (93.658)
Epoch 42: [234/390]	Time 9.2121	Loss 0.1994 (0.1810)	Prec@1 92.969 (93.650)
Epoch 42: [273/390]	Time 9.2104	Loss 0.1956 (0.1800)	Prec@1 91.406 (93.636)
Epoch 42: [312/390]	Time 9.2124	Loss 0.1878 (0.1778)	Prec@1 95.312 (93.680)
Epoch 42: [351/390]	Time 9.2101	Loss 0.2483 (0.1788)	Prec@1 92.188 (93.643)
Epoch 42: [390/390]	Time 9.2087	Loss 0.2225 (0.1781)	Prec@1 94.531 (93.662)
 * Prec@1 88.592
Epoch 43: [39/390]	Time 9.3044	Loss 0.1497 (0.1695)	Prec@1 94.531 (94.331)
Epoch 43: [78/390]	Time 9.2133	Loss 0.2224 (0.1688)	Prec@1 89.844 (94.201)
Epoch 43: [117/390]	Time 9.2121	Loss 0.1844 (0.1714)	Prec@1 92.969 (93.917)
Epoch 43: [156/390]	Time 9.2135	Loss 0.2062 (0.1727)	Prec@1 93.750 (93.820)
Epoch 43: [195/390]	Time 9.2129	Loss 0.1570 (0.1749)	Prec@1 93.750 (93.750)
Epoch 43: [234/390]	Time 9.2130	Loss 0.1808 (0.1756)	Prec@1 93.750 (93.750)
Epoch 43: [273/390]	Time 9.2112	Loss 0.1062 (0.1744)	Prec@1 94.531 (93.733)
Epoch 43: [312/390]	Time 9.2147	Loss 0.1327 (0.1742)	Prec@1 94.531 (93.760)
Epoch 43: [351/390]	Time 9.2138	Loss 0.1967 (0.1731)	Prec@1 92.188 (93.817)
Epoch 43: [390/390]	Time 9.2122	Loss 0.1012 (0.1713)	Prec@1 96.094 (93.886)
 * Prec@1 88.652
Epoch 44: [39/390]	Time 9.3247	Loss 0.1485 (0.1509)	Prec@1 96.094 (94.591)
Epoch 44: [78/390]	Time 9.2137	Loss 0.1955 (0.1583)	Prec@1 92.188 (94.371)
Epoch 44: [117/390]	Time 9.2115	Loss 0.1283 (0.1577)	Prec@1 96.875 (94.391)
Epoch 44: [156/390]	Time 9.2144	Loss 0.2685 (0.1597)	Prec@1 91.406 (94.321)
Epoch 44: [195/390]	Time 9.2137	Loss 0.1453 (0.1628)	Prec@1 95.312 (94.267)
Epoch 44: [234/390]	Time 9.2136	Loss 0.1731 (0.1631)	Prec@1 94.531 (94.247)
Epoch 44: [273/390]	Time 9.2122	Loss 0.1382 (0.1635)	Prec@1 92.969 (94.239)
Epoch 44: [312/390]	Time 9.2134	Loss 0.1109 (0.1634)	Prec@1 97.656 (94.246)
Epoch 44: [351/390]	Time 9.2148	Loss 0.1496 (0.1639)	Prec@1 96.875 (94.237)
Epoch 44: [390/390]	Time 9.2112	Loss 0.1168 (0.1645)	Prec@1 96.875 (94.221)
 * Prec@1 88.832
Epoch 45: [39/390]	Time 9.2904	Loss 0.1385 (0.1391)	Prec@1 95.312 (95.453)
Epoch 45: [78/390]	Time 9.2139	Loss 0.1578 (0.1483)	Prec@1 96.094 (94.982)
Epoch 45: [117/390]	Time 9.2110	Loss 0.1394 (0.1510)	Prec@1 96.094 (94.945)
Epoch 45: [156/390]	Time 9.2114	Loss 0.1181 (0.1517)	Prec@1 96.875 (94.857)
Epoch 45: [195/390]	Time 9.2133	Loss 0.1166 (0.1495)	Prec@1 96.875 (94.872)
Epoch 45: [234/390]	Time 9.2135	Loss 0.2292 (0.1514)	Prec@1 93.750 (94.868)
Epoch 45: [273/390]	Time 9.2117	Loss 0.1323 (0.1534)	Prec@1 95.312 (94.732)
Epoch 45: [312/390]	Time 9.2111	Loss 0.2195 (0.1543)	Prec@1 91.406 (94.676)
Epoch 45: [351/390]	Time 9.2127	Loss 0.1616 (0.1539)	Prec@1 92.969 (94.689)
Epoch 45: [390/390]	Time 9.2107	Loss 0.2291 (0.1554)	Prec@1 92.969 (94.621)
 * Prec@1 88.662
Epoch 46: [39/390]	Time 9.3035	Loss 0.2893 (0.1507)	Prec@1 89.844 (94.551)
Epoch 46: [78/390]	Time 9.2120	Loss 0.1798 (0.1541)	Prec@1 95.312 (94.421)
Epoch 46: [117/390]	Time 9.2127	Loss 0.2223 (0.1469)	Prec@1 93.750 (94.798)
Epoch 46: [156/390]	Time 9.2138	Loss 0.1932 (0.1489)	Prec@1 93.750 (94.692)
Epoch 46: [195/390]	Time 9.2135	Loss 0.1623 (0.1511)	Prec@1 93.750 (94.663)
Epoch 46: [234/390]	Time 9.2137	Loss 0.1039 (0.1518)	Prec@1 98.438 (94.651)
Epoch 46: [273/390]	Time 9.2143	Loss 0.1606 (0.1530)	Prec@1 93.750 (94.586)
Epoch 46: [312/390]	Time 9.2124	Loss 0.1277 (0.1536)	Prec@1 96.875 (94.609)
Epoch 46: [351/390]	Time 9.2121	Loss 0.1405 (0.1537)	Prec@1 94.531 (94.618)
Epoch 46: [390/390]	Time 9.2138	Loss 0.1538 (0.1541)	Prec@1 93.750 (94.613)
 * Prec@1 89.143
Epoch 47: [39/390]	Time 9.3118	Loss 0.1848 (0.1416)	Prec@1 94.531 (94.912)
Epoch 47: [78/390]	Time 9.2149	Loss 0.2454 (0.1438)	Prec@1 90.625 (95.062)
Epoch 47: [117/390]	Time 9.2137	Loss 0.1839 (0.1448)	Prec@1 94.531 (94.992)
Epoch 47: [156/390]	Time 9.2146	Loss 0.1215 (0.1482)	Prec@1 96.094 (94.897)
Epoch 47: [195/390]	Time 9.2149	Loss 0.1350 (0.1490)	Prec@1 95.312 (94.828)
Epoch 47: [234/390]	Time 9.2128	Loss 0.2151 (0.1490)	Prec@1 91.406 (94.835)
Epoch 47: [273/390]	Time 9.2147	Loss 0.2061 (0.1496)	Prec@1 89.844 (94.857)
Epoch 47: [312/390]	Time 9.2146	Loss 0.1376 (0.1510)	Prec@1 94.531 (94.794)
Epoch 47: [351/390]	Time 9.2137	Loss 0.1550 (0.1522)	Prec@1 93.750 (94.734)
Epoch 47: [390/390]	Time 9.2125	Loss 0.1420 (0.1521)	Prec@1 94.531 (94.710)
 * Prec@1 89.022
Epoch 48: [39/390]	Time 9.2976	Loss 0.0949 (0.1442)	Prec@1 96.875 (94.852)
Epoch 48: [78/390]	Time 9.2138	Loss 0.1936 (0.1442)	Prec@1 89.844 (94.852)
Epoch 48: [117/390]	Time 9.2125	Loss 0.1553 (0.1461)	Prec@1 94.531 (94.905)
Epoch 48: [156/390]	Time 9.2146	Loss 0.0751 (0.1473)	Prec@1 97.656 (94.857)
Epoch 48: [195/390]	Time 9.2144	Loss 0.2112 (0.1468)	Prec@1 89.844 (94.824)
Epoch 48: [234/390]	Time 9.2145	Loss 0.1753 (0.1474)	Prec@1 93.750 (94.742)
Epoch 48: [273/390]	Time 9.2128	Loss 0.0928 (0.1458)	Prec@1 96.094 (94.832)
Epoch 48: [312/390]	Time 9.2144	Loss 0.1344 (0.1478)	Prec@1 93.750 (94.772)
Epoch 48: [351/390]	Time 9.2129	Loss 0.0922 (0.1494)	Prec@1 96.875 (94.680)
Epoch 48: [390/390]	Time 9.2127	Loss 0.0937 (0.1491)	Prec@1 96.875 (94.718)
 * Prec@1 89.283
Epoch 49: [39/390]	Time 9.2869	Loss 0.2024 (0.1357)	Prec@1 89.844 (95.252)
Epoch 49: [78/390]	Time 9.2147	Loss 0.0714 (0.1372)	Prec@1 97.656 (95.092)
Epoch 49: [117/390]	Time 9.2148	Loss 0.2516 (0.1389)	Prec@1 89.062 (95.045)
Epoch 49: [156/390]	Time 9.2138	Loss 0.1819 (0.1398)	Prec@1 92.188 (94.942)
Epoch 49: [195/390]	Time 9.2144	Loss 0.1023 (0.1402)	Prec@1 96.094 (94.924)
Epoch 49: [234/390]	Time 9.2147	Loss 0.1096 (0.1418)	Prec@1 97.656 (94.902)
Epoch 49: [273/390]	Time 9.2134	Loss 0.1125 (0.1440)	Prec@1 96.875 (94.880)
Epoch 49: [312/390]	Time 9.2143	Loss 0.1596 (0.1437)	Prec@1 93.750 (94.847)
Epoch 49: [351/390]	Time 9.2141	Loss 0.1628 (0.1445)	Prec@1 92.969 (94.847)
Epoch 49: [390/390]	Time 9.2127	Loss 0.1366 (0.1431)	Prec@1 95.312 (94.916)
 * Prec@1 88.912
Epoch 50: [39/390]	Time 9.3029	Loss 0.1363 (0.1362)	Prec@1 94.531 (95.012)
Epoch 50: [78/390]	Time 9.2141	Loss 0.1418 (0.1372)	Prec@1 96.094 (94.982)
Epoch 50: [117/390]	Time 9.2148	Loss 0.1338 (0.1374)	Prec@1 96.094 (95.059)
Epoch 50: [156/390]	Time 9.2142	Loss 0.1052 (0.1391)	Prec@1 96.094 (95.027)
Epoch 50: [195/390]	Time 9.2137	Loss 0.1353 (0.1390)	Prec@1 96.875 (95.112)
Epoch 50: [234/390]	Time 9.2141	Loss 0.1350 (0.1384)	Prec@1 95.312 (95.129)
Epoch 50: [273/390]	Time 9.2151	Loss 0.1207 (0.1384)	Prec@1 96.094 (95.144)
Epoch 50: [312/390]	Time 9.2144	Loss 0.1100 (0.1391)	Prec@1 96.094 (95.122)
Epoch 50: [351/390]	Time 9.2139	Loss 0.1278 (0.1390)	Prec@1 94.531 (95.108)
Epoch 50: [390/390]	Time 9.2129	Loss 0.1563 (0.1403)	Prec@1 95.312 (95.094)
 * Prec@1 89.443
Epoch 51: [39/390]	Time 9.2947	Loss 0.0992 (0.1391)	Prec@1 96.875 (95.052)
Epoch 51: [78/390]	Time 9.2163	Loss 0.0735 (0.1356)	Prec@1 98.438 (95.172)
Epoch 51: [117/390]	Time 9.2137	Loss 0.1542 (0.1392)	Prec@1 94.531 (95.099)
Epoch 51: [156/390]	Time 9.2156	Loss 0.1004 (0.1379)	Prec@1 96.875 (95.117)
Epoch 51: [195/390]	Time 9.2132	Loss 0.0881 (0.1404)	Prec@1 96.875 (94.984)
Epoch 51: [234/390]	Time 9.2132	Loss 0.0771 (0.1396)	Prec@1 98.438 (94.999)
Epoch 51: [273/390]	Time 9.2138	Loss 0.1623 (0.1385)	Prec@1 94.531 (95.006)
Epoch 51: [312/390]	Time 9.2139	Loss 0.1718 (0.1381)	Prec@1 92.969 (94.982)
Epoch 51: [351/390]	Time 9.2132	Loss 0.0592 (0.1378)	Prec@1 98.438 (95.008)
Epoch 51: [390/390]	Time 9.2101	Loss 0.0885 (0.1374)	Prec@1 96.875 (95.052)
 * Prec@1 89.503
Epoch 52: [39/390]	Time 9.3007	Loss 0.1088 (0.1378)	Prec@1 96.094 (95.172)
Epoch 52: [78/390]	Time 9.2149	Loss 0.1073 (0.1309)	Prec@1 97.656 (95.613)
Epoch 52: [117/390]	Time 9.2145	Loss 0.1553 (0.1313)	Prec@1 95.312 (95.533)
Epoch 52: [156/390]	Time 9.2157	Loss 0.0968 (0.1329)	Prec@1 97.656 (95.423)
Epoch 52: [195/390]	Time 9.2151	Loss 0.1609 (0.1344)	Prec@1 93.750 (95.296)
Epoch 52: [234/390]	Time 9.2138	Loss 0.1276 (0.1338)	Prec@1 96.094 (95.262)
Epoch 52: [273/390]	Time 9.2138	Loss 0.1762 (0.1337)	Prec@1 93.750 (95.247)
Epoch 52: [312/390]	Time 9.2130	Loss 0.1211 (0.1343)	Prec@1 94.531 (95.235)
Epoch 52: [351/390]	Time 9.2142	Loss 0.1401 (0.1331)	Prec@1 93.750 (95.290)
Epoch 52: [390/390]	Time 9.2139	Loss 0.0909 (0.1345)	Prec@1 97.656 (95.256)
 * Prec@1 89.243
Epoch 53: [39/390]	Time 9.3173	Loss 0.1541 (0.1328)	Prec@1 94.531 (95.473)
Epoch 53: [78/390]	Time 9.2153	Loss 0.2062 (0.1341)	Prec@1 94.531 (95.363)
Epoch 53: [117/390]	Time 9.2157	Loss 0.1528 (0.1317)	Prec@1 93.750 (95.426)
Epoch 53: [156/390]	Time 9.2159	Loss 0.1425 (0.1323)	Prec@1 95.312 (95.348)
Epoch 53: [195/390]	Time 9.2154	Loss 0.1382 (0.1315)	Prec@1 95.312 (95.385)
Epoch 53: [234/390]	Time 9.2157	Loss 0.1181 (0.1308)	Prec@1 95.312 (95.406)
Epoch 53: [273/390]	Time 9.2146	Loss 0.1720 (0.1325)	Prec@1 92.188 (95.327)
Epoch 53: [312/390]	Time 9.2148	Loss 0.1215 (0.1329)	Prec@1 96.094 (95.307)
Epoch 53: [351/390]	Time 9.2147	Loss 0.1276 (0.1329)	Prec@1 94.531 (95.330)
Epoch 53: [390/390]	Time 9.2141	Loss 0.1584 (0.1321)	Prec@1 93.750 (95.349)
 * Prec@1 89.804
Epoch 54: [39/390]	Time 9.3192	Loss 0.1049 (0.1204)	Prec@1 96.094 (95.593)
Epoch 54: [78/390]	Time 9.2145	Loss 0.0291 (0.1258)	Prec@1 100.000 (95.483)
Epoch 54: [117/390]	Time 9.2141	Loss 0.1159 (0.1255)	Prec@1 96.875 (95.446)
Epoch 54: [156/390]	Time 9.2146	Loss 0.1542 (0.1252)	Prec@1 95.312 (95.488)
Epoch 54: [195/390]	Time 9.2157	Loss 0.0769 (0.1266)	Prec@1 97.656 (95.529)
Epoch 54: [234/390]	Time 9.2132	Loss 0.1074 (0.1275)	Prec@1 94.531 (95.489)
Epoch 54: [273/390]	Time 9.2162	Loss 0.0880 (0.1279)	Prec@1 98.438 (95.487)
Epoch 54: [312/390]	Time 9.2153	Loss 0.1104 (0.1285)	Prec@1 96.875 (95.465)
Epoch 54: [351/390]	Time 9.2142	Loss 0.1204 (0.1290)	Prec@1 95.312 (95.455)
Epoch 54: [390/390]	Time 9.2139	Loss 0.1948 (0.1283)	Prec@1 94.531 (95.499)
 * Prec@1 89.493
Epoch 55: [39/390]	Time 9.3088	Loss 0.2030 (0.1324)	Prec@1 92.188 (95.493)
Epoch 55: [78/390]	Time 9.2146	Loss 0.1332 (0.1260)	Prec@1 93.750 (95.563)
Epoch 55: [117/390]	Time 9.2149	Loss 0.1007 (0.1248)	Prec@1 96.094 (95.580)
Epoch 55: [156/390]	Time 9.2144	Loss 0.1821 (0.1260)	Prec@1 93.750 (95.528)
Epoch 55: [195/390]	Time 9.2146	Loss 0.1292 (0.1272)	Prec@1 96.875 (95.457)
Epoch 55: [234/390]	Time 9.2154	Loss 0.0963 (0.1273)	Prec@1 96.875 (95.469)
Epoch 55: [273/390]	Time 9.2156	Loss 0.1292 (0.1262)	Prec@1 94.531 (95.510)
Epoch 55: [312/390]	Time 9.2126	Loss 0.0734 (0.1253)	Prec@1 96.875 (95.548)
Epoch 55: [351/390]	Time 9.2145	Loss 0.0950 (0.1253)	Prec@1 96.094 (95.546)
Epoch 55: [390/390]	Time 9.2136	Loss 0.1312 (0.1260)	Prec@1 94.531 (95.521)
 * Prec@1 89.553
Epoch 56: [39/390]	Time 9.2937	Loss 0.0987 (0.1388)	Prec@1 97.656 (95.132)
Epoch 56: [78/390]	Time 9.2155	Loss 0.1242 (0.1314)	Prec@1 93.750 (95.292)
Epoch 56: [117/390]	Time 9.2168	Loss 0.1115 (0.1298)	Prec@1 96.094 (95.379)
Epoch 56: [156/390]	Time 9.2145	Loss 0.1846 (0.1274)	Prec@1 93.750 (95.463)
Epoch 56: [195/390]	Time 9.2155	Loss 0.1724 (0.1283)	Prec@1 93.750 (95.425)
Epoch 56: [234/390]	Time 9.2144	Loss 0.0721 (0.1268)	Prec@1 97.656 (95.473)
Epoch 56: [273/390]	Time 9.2155	Loss 0.1267 (0.1272)	Prec@1 95.312 (95.476)
Epoch 56: [312/390]	Time 9.2158	Loss 0.1810 (0.1278)	Prec@1 95.312 (95.445)
Epoch 56: [351/390]	Time 9.2152	Loss 0.1474 (0.1281)	Prec@1 94.531 (95.379)
Epoch 56: [390/390]	Time 9.2144	Loss 0.1360 (0.1275)	Prec@1 96.094 (95.409)
 * Prec@1 89.253
Epoch 57: [39/390]	Time 9.3074	Loss 0.0738 (0.1365)	Prec@1 98.438 (95.032)
Epoch 57: [78/390]	Time 9.2151	Loss 0.0839 (0.1289)	Prec@1 97.656 (95.363)
Epoch 57: [117/390]	Time 9.2176	Loss 0.2027 (0.1265)	Prec@1 94.531 (95.573)
Epoch 57: [156/390]	Time 9.2157	Loss 0.1131 (0.1263)	Prec@1 95.312 (95.588)
Epoch 57: [195/390]	Time 9.2166	Loss 0.1157 (0.1244)	Prec@1 92.969 (95.629)
Epoch 57: [234/390]	Time 9.2157	Loss 0.2601 (0.1249)	Prec@1 89.062 (95.616)
Epoch 57: [273/390]	Time 9.2147	Loss 0.0906 (0.1242)	Prec@1 95.312 (95.636)
Epoch 57: [312/390]	Time 9.2157	Loss 0.1072 (0.1258)	Prec@1 96.094 (95.585)
Epoch 57: [351/390]	Time 9.2148	Loss 0.1332 (0.1261)	Prec@1 94.531 (95.566)
Epoch 57: [390/390]	Time 9.2136	Loss 0.1078 (0.1258)	Prec@1 94.531 (95.557)
 * Prec@1 89.663
Epoch 58: [39/390]	Time 9.2830	Loss 0.1151 (0.1243)	Prec@1 95.312 (95.613)
Epoch 58: [78/390]	Time 9.2151	Loss 0.1158 (0.1241)	Prec@1 95.312 (95.593)
Epoch 58: [117/390]	Time 9.2155	Loss 0.1420 (0.1247)	Prec@1 92.969 (95.546)
Epoch 58: [156/390]	Time 9.2170	Loss 0.1305 (0.1251)	Prec@1 96.094 (95.603)
Epoch 58: [195/390]	Time 9.2135	Loss 0.1956 (0.1231)	Prec@1 92.969 (95.677)
Epoch 58: [234/390]	Time 9.2147	Loss 0.0862 (0.1229)	Prec@1 95.312 (95.680)
Epoch 58: [273/390]	Time 9.2172	Loss 0.0931 (0.1221)	Prec@1 98.438 (95.727)
Epoch 58: [312/390]	Time 9.2151	Loss 0.0803 (0.1226)	Prec@1 96.875 (95.708)
Epoch 58: [351/390]	Time 9.2168	Loss 0.1287 (0.1228)	Prec@1 93.750 (95.678)
Epoch 58: [390/390]	Time 9.2134	Loss 0.1442 (0.1227)	Prec@1 95.312 (95.687)
 * Prec@1 89.744
Epoch 59: [39/390]	Time 9.2923	Loss 0.1436 (0.1247)	Prec@1 93.750 (95.573)
Epoch 59: [78/390]	Time 9.2153	Loss 0.1182 (0.1221)	Prec@1 96.094 (95.603)
Epoch 59: [117/390]	Time 9.2180	Loss 0.1690 (0.1248)	Prec@1 92.969 (95.573)
Epoch 59: [156/390]	Time 9.2175	Loss 0.0780 (0.1267)	Prec@1 98.438 (95.523)
Epoch 59: [195/390]	Time 9.2178	Loss 0.1783 (0.1261)	Prec@1 94.531 (95.561)
Epoch 59: [234/390]	Time 9.2161	Loss 0.1336 (0.1259)	Prec@1 96.094 (95.570)
Epoch 59: [273/390]	Time 9.2163	Loss 0.1502 (0.1255)	Prec@1 95.312 (95.599)
Epoch 59: [312/390]	Time 9.2174	Loss 0.0745 (0.1246)	Prec@1 96.875 (95.593)
Epoch 59: [351/390]	Time 9.2171	Loss 0.2034 (0.1247)	Prec@1 95.312 (95.622)
Epoch 59: [390/390]	Time 9.2159	Loss 0.0865 (0.1245)	Prec@1 97.656 (95.619)
 * Prec@1 89.694
Best Prec@1 89.804
Start Training Last 20 EPOCHs
Epoch 0: [39/390]	Time 9.3115	Loss 0.0803 (0.1253)	Prec@1 96.875 (95.813)
Epoch 0: [78/390]	Time 9.2165	Loss 0.0975 (0.1255)	Prec@1 96.094 (95.733)
Epoch 0: [117/390]	Time 9.2149	Loss 0.2394 (0.1284)	Prec@1 92.188 (95.573)
Epoch 0: [156/390]	Time 9.2181	Loss 0.0693 (0.1295)	Prec@1 96.875 (95.473)
Epoch 0: [195/390]	Time 9.2178	Loss 0.1043 (0.1271)	Prec@1 96.094 (95.565)
Epoch 0: [234/390]	Time 9.2184	Loss 0.1367 (0.1270)	Prec@1 95.312 (95.570)
Epoch 0: [273/390]	Time 9.2169	Loss 0.1535 (0.1269)	Prec@1 94.531 (95.582)
Epoch 0: [312/390]	Time 9.2154	Loss 0.0794 (0.1257)	Prec@1 94.531 (95.623)
Epoch 0: [351/390]	Time 9.2154	Loss 0.2025 (0.1251)	Prec@1 90.625 (95.617)
Epoch 0: [390/390]	Time 9.2151	Loss 0.0813 (0.1242)	Prec@1 98.438 (95.647)
 * Prec@1 89.593
Epoch 1: [39/390]	Time 9.3135	Loss 0.1266 (0.1270)	Prec@1 95.312 (95.653)
Epoch 1: [78/390]	Time 9.2238	Loss 0.1849 (0.1236)	Prec@1 92.188 (95.633)
Epoch 1: [117/390]	Time 9.2185	Loss 0.0745 (0.1203)	Prec@1 97.656 (95.740)
Epoch 1: [156/390]	Time 9.2203	Loss 0.1489 (0.1209)	Prec@1 95.312 (95.788)
Epoch 1: [195/390]	Time 9.2162	Loss 0.1195 (0.1208)	Prec@1 94.531 (95.785)
Epoch 1: [234/390]	Time 9.2165	Loss 0.0922 (0.1216)	Prec@1 98.438 (95.743)
Epoch 1: [273/390]	Time 9.2150	Loss 0.1087 (0.1220)	Prec@1 95.312 (95.699)
Epoch 1: [312/390]	Time 9.2157	Loss 0.1099 (0.1214)	Prec@1 96.875 (95.706)
Epoch 1: [351/390]	Time 9.2147	Loss 0.1274 (0.1213)	Prec@1 95.312 (95.722)
Epoch 1: [390/390]	Time 9.2135	Loss 0.1042 (0.1212)	Prec@1 96.875 (95.713)
 * Prec@1 89.744
Epoch 2: [39/390]	Time 9.3103	Loss 0.1223 (0.1202)	Prec@1 96.094 (95.793)
Epoch 2: [78/390]	Time 9.2225	Loss 0.2089 (0.1258)	Prec@1 92.188 (95.453)
Epoch 2: [117/390]	Time 9.2227	Loss 0.1375 (0.1265)	Prec@1 93.750 (95.493)
Epoch 2: [156/390]	Time 9.2256	Loss 0.1422 (0.1246)	Prec@1 92.969 (95.553)
Epoch 2: [195/390]	Time 9.2238	Loss 0.0918 (0.1236)	Prec@1 97.656 (95.613)
Epoch 2: [234/390]	Time 9.2224	Loss 0.1598 (0.1222)	Prec@1 93.750 (95.660)
Epoch 2: [273/390]	Time 9.2236	Loss 0.0936 (0.1235)	Prec@1 97.656 (95.630)
Epoch 2: [312/390]	Time 9.2189	Loss 0.1169 (0.1236)	Prec@1 96.094 (95.648)
Epoch 2: [351/390]	Time 9.2165	Loss 0.1211 (0.1225)	Prec@1 96.094 (95.698)
Epoch 2: [390/390]	Time 9.2153	Loss 0.2050 (0.1232)	Prec@1 92.969 (95.651)
 * Prec@1 89.443
Epoch 3: [39/390]	Time 9.3192	Loss 0.1657 (0.1242)	Prec@1 93.750 (95.753)
Epoch 3: [78/390]	Time 9.2190	Loss 0.2107 (0.1227)	Prec@1 92.188 (95.753)
Epoch 3: [117/390]	Time 9.2183	Loss 0.1106 (0.1267)	Prec@1 96.875 (95.693)
Epoch 3: [156/390]	Time 9.2169	Loss 0.0661 (0.1261)	Prec@1 96.875 (95.758)
Epoch 3: [195/390]	Time 9.2153	Loss 0.1495 (0.1261)	Prec@1 92.969 (95.685)
Epoch 3: [234/390]	Time 9.2156	Loss 0.0993 (0.1258)	Prec@1 96.094 (95.660)
Epoch 3: [273/390]	Time 9.2214	Loss 0.1474 (0.1261)	Prec@1 92.969 (95.619)
Epoch 3: [312/390]	Time 9.2196	Loss 0.1000 (0.1258)	Prec@1 95.312 (95.595)
Epoch 3: [351/390]	Time 9.2185	Loss 0.0744 (0.1247)	Prec@1 98.438 (95.644)
Epoch 3: [390/390]	Time 9.2151	Loss 0.0968 (0.1246)	Prec@1 96.094 (95.637)
 * Prec@1 89.714
Epoch 4: [39/390]	Time 9.3157	Loss 0.1163 (0.1146)	Prec@1 96.094 (96.074)
Epoch 4: [78/390]	Time 9.2171	Loss 0.1107 (0.1231)	Prec@1 95.312 (95.853)
Epoch 4: [117/390]	Time 9.2207	Loss 0.0820 (0.1224)	Prec@1 96.875 (95.747)
Epoch 4: [156/390]	Time 9.2171	Loss 0.1065 (0.1246)	Prec@1 96.875 (95.693)
Epoch 4: [195/390]	Time 9.2197	Loss 0.0636 (0.1246)	Prec@1 98.438 (95.717)
Epoch 4: [234/390]	Time 9.2159	Loss 0.1662 (0.1234)	Prec@1 93.750 (95.733)
Epoch 4: [273/390]	Time 9.2162	Loss 0.1246 (0.1221)	Prec@1 95.312 (95.759)
Epoch 4: [312/390]	Time 9.2179	Loss 0.1150 (0.1220)	Prec@1 96.094 (95.738)
Epoch 4: [351/390]	Time 9.2152	Loss 0.1816 (0.1225)	Prec@1 94.531 (95.678)
Epoch 4: [390/390]	Time 9.2170	Loss 0.1499 (0.1239)	Prec@1 95.312 (95.633)
 * Prec@1 89.694
Epoch 5: [39/390]	Time 9.3229	Loss 0.1062 (0.1210)	Prec@1 97.656 (95.613)
Epoch 5: [78/390]	Time 9.2190	Loss 0.1524 (0.1198)	Prec@1 94.531 (95.843)
Epoch 5: [117/390]	Time 9.2208	Loss 0.1192 (0.1173)	Prec@1 95.312 (95.900)
Epoch 5: [156/390]	Time 9.2218	Loss 0.1113 (0.1187)	Prec@1 96.094 (95.788)
Epoch 5: [195/390]	Time 9.2191	Loss 0.1002 (0.1184)	Prec@1 96.875 (95.809)
Epoch 5: [234/390]	Time 9.2152	Loss 0.1253 (0.1184)	Prec@1 95.312 (95.793)
Epoch 5: [273/390]	Time 9.2166	Loss 0.0534 (0.1204)	Prec@1 98.438 (95.713)
Epoch 5: [312/390]	Time 9.2146	Loss 0.1417 (0.1207)	Prec@1 95.312 (95.688)
Epoch 5: [351/390]	Time 9.2120	Loss 0.1582 (0.1214)	Prec@1 92.188 (95.684)
Epoch 5: [390/390]	Time 9.2085	Loss 0.1518 (0.1219)	Prec@1 93.750 (95.665)
 * Prec@1 89.483
Epoch 6: [39/390]	Time 9.3191	Loss 0.0966 (0.1325)	Prec@1 96.094 (95.433)
Epoch 6: [78/390]	Time 9.2144	Loss 0.1089 (0.1282)	Prec@1 95.312 (95.503)
Epoch 6: [117/390]	Time 9.2144	Loss 0.1037 (0.1280)	Prec@1 96.094 (95.486)
Epoch 6: [156/390]	Time 9.2142	Loss 0.1937 (0.1268)	Prec@1 92.969 (95.558)
Epoch 6: [195/390]	Time 9.2129	Loss 0.0663 (0.1246)	Prec@1 96.875 (95.685)
Epoch 6: [234/390]	Time 9.2146	Loss 0.1467 (0.1239)	Prec@1 94.531 (95.683)
Epoch 6: [273/390]	Time 9.2128	Loss 0.1087 (0.1239)	Prec@1 94.531 (95.676)
Epoch 6: [312/390]	Time 9.2130	Loss 0.0990 (0.1220)	Prec@1 96.875 (95.756)
Epoch 6: [351/390]	Time 9.2130	Loss 0.0837 (0.1224)	Prec@1 96.875 (95.735)
Epoch 6: [390/390]	Time 9.2115	Loss 0.1181 (0.1241)	Prec@1 93.750 (95.655)
 * Prec@1 89.613
Epoch 7: [39/390]	Time 9.2812	Loss 0.1691 (0.1169)	Prec@1 92.969 (95.673)
Epoch 7: [78/390]	Time 9.2114	Loss 0.1128 (0.1209)	Prec@1 96.875 (95.573)
Epoch 7: [117/390]	Time 9.2135	Loss 0.0993 (0.1209)	Prec@1 95.312 (95.633)
Epoch 7: [156/390]	Time 9.2121	Loss 0.1807 (0.1208)	Prec@1 93.750 (95.648)
Epoch 7: [195/390]	Time 9.2138	Loss 0.1322 (0.1203)	Prec@1 95.312 (95.633)
Epoch 7: [234/390]	Time 9.2138	Loss 0.0909 (0.1187)	Prec@1 95.312 (95.706)
Epoch 7: [273/390]	Time 9.2135	Loss 0.1339 (0.1190)	Prec@1 96.094 (95.702)
Epoch 7: [312/390]	Time 9.2131	Loss 0.1522 (0.1203)	Prec@1 95.312 (95.693)
Epoch 7: [351/390]	Time 9.2145	Loss 0.1411 (0.1203)	Prec@1 95.312 (95.715)
Epoch 7: [390/390]	Time 9.2126	Loss 0.1493 (0.1202)	Prec@1 93.750 (95.719)
 * Prec@1 89.403
Epoch 8: [39/390]	Time 9.2891	Loss 0.1621 (0.1239)	Prec@1 94.531 (95.593)
Epoch 8: [78/390]	Time 9.2184	Loss 0.0850 (0.1221)	Prec@1 96.094 (95.793)
Epoch 8: [117/390]	Time 9.2182	Loss 0.0920 (0.1239)	Prec@1 97.656 (95.613)
Epoch 8: [156/390]	Time 9.2170	Loss 0.0745 (0.1249)	Prec@1 98.438 (95.563)
Epoch 8: [195/390]	Time 9.2160	Loss 0.2996 (0.1252)	Prec@1 92.188 (95.561)
Epoch 8: [234/390]	Time 9.2142	Loss 0.1795 (0.1250)	Prec@1 92.188 (95.613)
Epoch 8: [273/390]	Time 9.2192	Loss 0.1859 (0.1239)	Prec@1 93.750 (95.656)
Epoch 8: [312/390]	Time 9.2147	Loss 0.0930 (0.1216)	Prec@1 96.094 (95.713)
Epoch 8: [351/390]	Time 9.2145	Loss 0.1179 (0.1217)	Prec@1 95.312 (95.700)
Epoch 8: [390/390]	Time 9.2121	Loss 0.1435 (0.1218)	Prec@1 96.094 (95.691)
 * Prec@1 88.912
Epoch 9: [39/390]	Time 9.3078	Loss 0.1644 (0.1211)	Prec@1 92.969 (95.533)
Epoch 9: [78/390]	Time 9.2126	Loss 0.1190 (0.1222)	Prec@1 97.656 (95.553)
Epoch 9: [117/390]	Time 9.2141	Loss 0.1034 (0.1179)	Prec@1 96.094 (95.613)
Epoch 9: [156/390]	Time 9.2119	Loss 0.0895 (0.1200)	Prec@1 98.438 (95.543)
Epoch 9: [195/390]	Time 9.2128	Loss 0.1026 (0.1203)	Prec@1 97.656 (95.597)
Epoch 9: [234/390]	Time 9.2147	Loss 0.1238 (0.1193)	Prec@1 96.094 (95.650)
Epoch 9: [273/390]	Time 9.2152	Loss 0.1188 (0.1197)	Prec@1 96.094 (95.693)
Epoch 9: [312/390]	Time 9.2134	Loss 0.1553 (0.1214)	Prec@1 93.750 (95.666)
Epoch 9: [351/390]	Time 9.2135	Loss 0.0762 (0.1218)	Prec@1 96.875 (95.642)
Epoch 9: [390/390]	Time 9.2116	Loss 0.1569 (0.1219)	Prec@1 94.531 (95.627)
 * Prec@1 89.483
Epoch 10: [39/390]	Time 9.2983	Loss 0.1521 (0.1230)	Prec@1 96.094 (95.753)
Epoch 10: [78/390]	Time 9.2151	Loss 0.0950 (0.1250)	Prec@1 94.531 (95.693)
Epoch 10: [117/390]	Time 9.2150	Loss 0.1365 (0.1233)	Prec@1 96.094 (95.773)
Epoch 10: [156/390]	Time 9.2130	Loss 0.0710 (0.1233)	Prec@1 97.656 (95.708)
Epoch 10: [195/390]	Time 9.2120	Loss 0.1444 (0.1218)	Prec@1 94.531 (95.757)
Epoch 10: [234/390]	Time 9.2141	Loss 0.1530 (0.1204)	Prec@1 93.750 (95.800)
Epoch 10: [273/390]	Time 9.2132	Loss 0.1913 (0.1201)	Prec@1 91.406 (95.782)
Epoch 10: [312/390]	Time 9.2137	Loss 0.1391 (0.1196)	Prec@1 96.094 (95.791)
Epoch 10: [351/390]	Time 9.2144	Loss 0.1491 (0.1188)	Prec@1 95.312 (95.836)
Epoch 10: [390/390]	Time 9.2125	Loss 0.1342 (0.1186)	Prec@1 96.875 (95.855)
 * Prec@1 89.203
Epoch 11: [39/390]	Time 9.3120	Loss 0.0442 (0.1259)	Prec@1 99.219 (95.553)
Epoch 11: [78/390]	Time 9.2122	Loss 0.0591 (0.1215)	Prec@1 99.219 (95.713)
Epoch 11: [117/390]	Time 9.2119	Loss 0.0936 (0.1192)	Prec@1 96.094 (95.827)
Epoch 11: [156/390]	Time 9.2110	Loss 0.0972 (0.1194)	Prec@1 96.094 (95.838)
Epoch 11: [195/390]	Time 9.2124	Loss 0.0814 (0.1179)	Prec@1 96.875 (95.885)
Epoch 11: [234/390]	Time 9.2132	Loss 0.0505 (0.1190)	Prec@1 97.656 (95.833)
Epoch 11: [273/390]	Time 9.2117	Loss 0.1707 (0.1197)	Prec@1 92.969 (95.813)
Epoch 11: [312/390]	Time 9.2135	Loss 0.1116 (0.1212)	Prec@1 96.094 (95.751)
Epoch 11: [351/390]	Time 9.2144	Loss 0.0761 (0.1208)	Prec@1 96.875 (95.762)
Epoch 11: [390/390]	Time 9.2106	Loss 0.0937 (0.1195)	Prec@1 96.094 (95.817)
 * Prec@1 89.533
Epoch 12: [39/390]	Time 9.2910	Loss 0.0784 (0.1179)	Prec@1 96.094 (96.054)
Epoch 12: [78/390]	Time 9.2142	Loss 0.1141 (0.1189)	Prec@1 96.094 (95.813)
Epoch 12: [117/390]	Time 9.2128	Loss 0.1068 (0.1221)	Prec@1 96.094 (95.706)
Epoch 12: [156/390]	Time 9.2142	Loss 0.1454 (0.1197)	Prec@1 97.656 (95.833)
Epoch 12: [195/390]	Time 9.2137	Loss 0.1656 (0.1195)	Prec@1 94.531 (95.821)
Epoch 12: [234/390]	Time 9.2134	Loss 0.2217 (0.1192)	Prec@1 93.750 (95.843)
Epoch 12: [273/390]	Time 9.2120	Loss 0.1220 (0.1187)	Prec@1 95.312 (95.856)
Epoch 12: [312/390]	Time 9.2131	Loss 0.1054 (0.1187)	Prec@1 95.312 (95.868)
Epoch 12: [351/390]	Time 9.2122	Loss 0.0824 (0.1186)	Prec@1 96.875 (95.851)
Epoch 12: [390/390]	Time 9.2109	Loss 0.1164 (0.1187)	Prec@1 93.750 (95.835)
 * Prec@1 89.533
Epoch 13: [39/390]	Time 9.3079	Loss 0.0824 (0.1197)	Prec@1 96.094 (95.853)
Epoch 13: [78/390]	Time 9.2163	Loss 0.0884 (0.1176)	Prec@1 96.875 (96.034)
Epoch 13: [117/390]	Time 9.2131	Loss 0.1676 (0.1193)	Prec@1 93.750 (95.893)
Epoch 13: [156/390]	Time 9.2136	Loss 0.1927 (0.1205)	Prec@1 94.531 (95.848)
Epoch 13: [195/390]	Time 9.2152	Loss 0.0810 (0.1195)	Prec@1 97.656 (95.873)
Epoch 13: [234/390]	Time 9.2133	Loss 0.1976 (0.1196)	Prec@1 93.750 (95.840)
Epoch 13: [273/390]	Time 9.2143	Loss 0.0525 (0.1208)	Prec@1 98.438 (95.768)
Epoch 13: [312/390]	Time 9.2137	Loss 0.1301 (0.1207)	Prec@1 95.312 (95.761)
Epoch 13: [351/390]	Time 9.2137	Loss 0.0594 (0.1207)	Prec@1 98.438 (95.733)
Epoch 13: [390/390]	Time 9.2100	Loss 0.1576 (0.1210)	Prec@1 94.531 (95.731)
 * Prec@1 89.363
Epoch 14: [39/390]	Time 9.3036	Loss 0.0998 (0.1142)	Prec@1 95.312 (95.833)
Epoch 14: [78/390]	Time 9.2126	Loss 0.1076 (0.1170)	Prec@1 96.094 (95.773)
Epoch 14: [117/390]	Time 9.2136	Loss 0.1038 (0.1192)	Prec@1 96.094 (95.700)
Epoch 14: [156/390]	Time 9.2139	Loss 0.1320 (0.1216)	Prec@1 95.312 (95.623)
Epoch 14: [195/390]	Time 9.2126	Loss 0.0810 (0.1200)	Prec@1 96.875 (95.713)
Epoch 14: [234/390]	Time 9.2136	Loss 0.1253 (0.1202)	Prec@1 96.094 (95.700)
Epoch 14: [273/390]	Time 9.2144	Loss 0.1464 (0.1203)	Prec@1 94.531 (95.685)
Epoch 14: [312/390]	Time 9.2155	Loss 0.0568 (0.1204)	Prec@1 97.656 (95.693)
Epoch 14: [351/390]	Time 9.2147	Loss 0.1141 (0.1205)	Prec@1 96.094 (95.711)
Epoch 14: [390/390]	Time 9.2119	Loss 0.1352 (0.1193)	Prec@1 95.312 (95.765)
 * Prec@1 89.543
Epoch 15: [39/390]	Time 9.3022	Loss 0.0642 (0.1168)	Prec@1 97.656 (95.813)
Epoch 15: [78/390]	Time 9.2158	Loss 0.0898 (0.1163)	Prec@1 96.875 (95.783)
Epoch 15: [117/390]	Time 9.2158	Loss 0.0985 (0.1188)	Prec@1 95.312 (95.740)
Epoch 15: [156/390]	Time 9.2149	Loss 0.1517 (0.1202)	Prec@1 95.312 (95.703)
Epoch 15: [195/390]	Time 9.2150	Loss 0.1262 (0.1190)	Prec@1 96.094 (95.781)
Epoch 15: [234/390]	Time 9.2153	Loss 0.0445 (0.1197)	Prec@1 99.219 (95.767)
Epoch 15: [273/390]	Time 9.2145	Loss 0.0665 (0.1181)	Prec@1 97.656 (95.805)
Epoch 15: [312/390]	Time 9.2136	Loss 0.0960 (0.1185)	Prec@1 96.094 (95.801)
Epoch 15: [351/390]	Time 9.2147	Loss 0.1579 (0.1195)	Prec@1 94.531 (95.751)
Epoch 15: [390/390]	Time 9.2127	Loss 0.0724 (0.1193)	Prec@1 98.438 (95.765)
 * Prec@1 89.393
Epoch 16: [39/390]	Time 9.3171	Loss 0.0838 (0.1166)	Prec@1 97.656 (95.933)
Epoch 16: [78/390]	Time 9.2146	Loss 0.1424 (0.1153)	Prec@1 94.531 (95.964)
Epoch 16: [117/390]	Time 9.2144	Loss 0.1086 (0.1160)	Prec@1 96.094 (95.940)
Epoch 16: [156/390]	Time 9.2151	Loss 0.1575 (0.1168)	Prec@1 94.531 (96.004)
Epoch 16: [195/390]	Time 9.2124	Loss 0.1511 (0.1173)	Prec@1 92.188 (95.889)
Epoch 16: [234/390]	Time 9.2151	Loss 0.0859 (0.1172)	Prec@1 97.656 (95.880)
Epoch 16: [273/390]	Time 9.2145	Loss 0.0937 (0.1164)	Prec@1 95.312 (95.913)
Epoch 16: [312/390]	Time 9.2131	Loss 0.0770 (0.1185)	Prec@1 98.438 (95.846)
Epoch 16: [351/390]	Time 9.2151	Loss 0.0682 (0.1183)	Prec@1 98.438 (95.858)
Epoch 16: [390/390]	Time 9.2130	Loss 0.1411 (0.1184)	Prec@1 95.312 (95.821)
 * Prec@1 89.523
Epoch 17: [39/390]	Time 9.2882	Loss 0.1185 (0.1189)	Prec@1 95.312 (96.014)
Epoch 17: [78/390]	Time 9.2151	Loss 0.0789 (0.1154)	Prec@1 98.438 (95.964)
Epoch 17: [117/390]	Time 9.2148	Loss 0.1653 (0.1144)	Prec@1 94.531 (96.007)
Epoch 17: [156/390]	Time 9.2136	Loss 0.1072 (0.1156)	Prec@1 94.531 (96.009)
Epoch 17: [195/390]	Time 9.2116	Loss 0.1217 (0.1167)	Prec@1 95.312 (95.962)
Epoch 17: [234/390]	Time 9.2156	Loss 0.0536 (0.1175)	Prec@1 98.438 (95.937)
Epoch 17: [273/390]	Time 9.2140	Loss 0.0543 (0.1191)	Prec@1 98.438 (95.862)
Epoch 17: [312/390]	Time 9.2142	Loss 0.0836 (0.1205)	Prec@1 97.656 (95.778)
Epoch 17: [351/390]	Time 9.2144	Loss 0.0855 (0.1193)	Prec@1 96.875 (95.811)
Epoch 17: [390/390]	Time 9.2126	Loss 0.0850 (0.1189)	Prec@1 95.312 (95.825)
 * Prec@1 89.513
Epoch 18: [39/390]	Time 9.2778	Loss 0.1217 (0.1149)	Prec@1 96.094 (96.154)
Epoch 18: [78/390]	Time 9.2161	Loss 0.1226 (0.1163)	Prec@1 97.656 (96.024)
Epoch 18: [117/390]	Time 9.2160	Loss 0.1503 (0.1204)	Prec@1 93.750 (95.900)
Epoch 18: [156/390]	Time 9.2146	Loss 0.1167 (0.1217)	Prec@1 96.875 (95.828)
Epoch 18: [195/390]	Time 9.2153	Loss 0.1294 (0.1222)	Prec@1 94.531 (95.717)
Epoch 18: [234/390]	Time 9.2141	Loss 0.0748 (0.1222)	Prec@1 97.656 (95.670)
Epoch 18: [273/390]	Time 9.2154	Loss 0.0828 (0.1218)	Prec@1 97.656 (95.627)
Epoch 18: [312/390]	Time 9.2159	Loss 0.1426 (0.1218)	Prec@1 94.531 (95.620)
Epoch 18: [351/390]	Time 9.2143	Loss 0.1181 (0.1216)	Prec@1 95.312 (95.597)
Epoch 18: [390/390]	Time 9.2140	Loss 0.1132 (0.1210)	Prec@1 96.094 (95.633)
 * Prec@1 89.673
Epoch 19: [39/390]	Time 9.3014	Loss 0.0627 (0.1190)	Prec@1 97.656 (95.573)
Epoch 19: [78/390]	Time 9.2154	Loss 0.1408 (0.1186)	Prec@1 95.312 (95.623)
Epoch 19: [117/390]	Time 9.2140	Loss 0.2009 (0.1184)	Prec@1 93.750 (95.573)
Epoch 19: [156/390]	Time 9.2162	Loss 0.1062 (0.1188)	Prec@1 96.094 (95.648)
Epoch 19: [195/390]	Time 9.2145	Loss 0.1377 (0.1190)	Prec@1 96.094 (95.621)
Epoch 19: [234/390]	Time 9.2153	Loss 0.1399 (0.1188)	Prec@1 93.750 (95.670)
Epoch 19: [273/390]	Time 9.2150	Loss 0.0961 (0.1199)	Prec@1 95.312 (95.664)
Epoch 19: [312/390]	Time 9.2128	Loss 0.1320 (0.1203)	Prec@1 94.531 (95.666)
Epoch 19: [351/390]	Time 9.2142	Loss 0.1513 (0.1201)	Prec@1 95.312 (95.686)
Epoch 19: [390/390]	Time 9.2128	Loss 0.1161 (0.1197)	Prec@1 96.094 (95.735)
 * Prec@1 89.363
Best Prec@1 89.744
